<?xml version="1.0" encoding="UTF-8"?>
<testsuite xmlns:xsi="http://www.w3.org/2001/XMLSchema-instance" xsi:noNamespaceSchemaLocation="https://maven.apache.org/surefire/maven-surefire-plugin/xsd/surefire-test-report-3.0.xsd" version="3.0" name="com.foodorder.usermanagement.integration.AuthIntegrationTest" time="49.231" tests="4" errors="0" skipped="0" failures="4">
  <properties>
[...]
</properties>
  <testcase name="register_Seller_Success" classname="com.foodorder.usermanagement.integration.AuthIntegrationTest" time="1.162">
    <failure message="Status expected:&lt;200&gt; but was:&lt;500&gt;" type="java.lang.AssertionError"><![CDATA[java.lang.AssertionError: Status expected:<200> but was:<500>
	at org.springframework.test.util.AssertionErrors.fail(AssertionErrors.java:59)
	at org.springframework.test.util.AssertionErrors.assertEquals(AssertionErrors.java:122)
	at org.springframework.test.web.servlet.result.StatusResultMatchers.lambda$matcher$9(StatusResultMatchers.java:637)
	at org.springframework.test.web.servlet.MockMvc$1.andExpect(MockMvc.java:214)
	at com.foodorder.usermanagement.integration.AuthIntegrationTest.register_Seller_Success(AuthIntegrationTest.java:144)
	at java.base/java.lang.reflect.Method.invoke(Method.java:580)
	at java.base/java.util.ArrayList.forEach(ArrayList.java:1596)
	at java.base/java.util.ArrayList.forEach(ArrayList.java:1596)
]]></failure>
    <system-out><![CDATA[2025-06-16T01:20:37.132+05:30  INFO 19372 --- [user-management-service] [           main] t.c.s.AnnotationConfigContextLoaderUtils : Could not detect default configuration classes for test class [com.foodorder.usermanagement.integration.AuthIntegrationTest]: AuthIntegrationTest does not declare any static, non-private, non-final, nested classes annotated with @Configuration.
2025-06-16T01:20:37.298+05:30  INFO 19372 --- [user-management-service] [           main] .b.t.c.SpringBootTestContextBootstrapper : Found @SpringBootConfiguration com.foodorder.usermanagement.UserManagementApplication for test class com.foodorder.usermanagement.integration.AuthIntegrationTest

  .   ____          _            __ _ _
 /\\ / ___'_ __ _ _(_)_ __  __ _ \ \ \ \
( ( )\___ | '_ | '_| | '_ \/ _` | \ \ \ \
 \\/  ___)| |_)| | | | | || (_| |  ) ) ) )
  '  |____| .__|_| |_|_| |_\__, | / / / /
 =========|_|==============|___/=/_/_/_/
 :: Spring Boot ::                (v3.2.3)

2025-06-16T01:20:37.559+05:30  INFO 19372 --- [user-management-service] [           main] c.f.u.integration.AuthIntegrationTest    : Starting AuthIntegrationTest using Java 21.0.7 with PID 19372 (started by fredrick.gnanaraj in C:\Users\fredrick.gnanaraj\AI upskill\food order application)
2025-06-16T01:20:37.560+05:30 DEBUG 19372 --- [user-management-service] [           main] c.f.u.integration.AuthIntegrationTest    : Running with Spring Boot v3.2.3, Spring v6.1.4
2025-06-16T01:20:37.560+05:30  INFO 19372 --- [user-management-service] [           main] c.f.u.integration.AuthIntegrationTest    : The following 1 profile is active: "test"
2025-06-16T01:20:39.326+05:30  INFO 19372 --- [user-management-service] [           main] .s.d.r.c.RepositoryConfigurationDelegate : Bootstrapping Spring Data JPA repositories in DEFAULT mode.
2025-06-16T01:20:39.619+05:30  INFO 19372 --- [user-management-service] [           main] .s.d.r.c.RepositoryConfigurationDelegate : Finished Spring Data repository scanning in 245 ms. Found 3 JPA repository interfaces.
2025-06-16T01:20:40.808+05:30  INFO 19372 --- [user-management-service] [           main] o.hibernate.jpa.internal.util.LogHelper  : HHH000204: Processing PersistenceUnitInfo [name: default]
2025-06-16T01:20:41.078+05:30  INFO 19372 --- [user-management-service] [           main] org.hibernate.Version                    : HHH000412: Hibernate ORM core version 6.4.4.Final
2025-06-16T01:20:41.198+05:30  INFO 19372 --- [user-management-service] [           main] o.h.c.internal.RegionFactoryInitiator    : HHH000026: Second-level cache disabled
2025-06-16T01:20:41.713+05:30  INFO 19372 --- [user-management-service] [           main] o.s.o.j.p.SpringPersistenceUnitInfo      : No LoadTimeWeaver setup: ignoring JPA class transformer
2025-06-16T01:20:41.834+05:30  INFO 19372 --- [user-management-service] [           main] com.zaxxer.hikari.HikariDataSource       : HikariPool-1 - Starting...
2025-06-16T01:20:41.899+05:30  INFO 19372 --- [user-management-service] [           main] org.testcontainers.images.PullPolicy     : Image pull policy will be performed by: DefaultPullPolicy()
2025-06-16T01:20:41.904+05:30  INFO 19372 --- [user-management-service] [           main] o.t.utility.ImageNameSubstitutor         : Image name substitution will be performed by: DefaultImageNameSubstitutor (composite of 'ConfigurationFileImageNameSubstitutor' and 'PrefixingImageNameSubstitutor')
2025-06-16T01:20:42.230+05:30  INFO 19372 --- [user-management-service] [           main] o.t.d.DockerClientProviderStrategy       : Loaded org.testcontainers.dockerclient.NpipeSocketClientProviderStrategy from ~/.testcontainers.properties, will try it first
2025-06-16T01:20:42.726+05:30  INFO 19372 --- [user-management-service] [           main] o.t.d.DockerClientProviderStrategy       : Found Docker environment with local Npipe socket (npipe:////./pipe/docker_engine)
2025-06-16T01:20:42.727+05:30  INFO 19372 --- [user-management-service] [           main] org.testcontainers.DockerClientFactory   : Docker host IP address is localhost
2025-06-16T01:20:42.752+05:30  INFO 19372 --- [user-management-service] [           main] org.testcontainers.DockerClientFactory   : Connected to docker: 
  Server Version: 28.0.4
  API Version: 1.48
  Operating System: Docker Desktop
  Total Memory: 7783 MB
2025-06-16T01:20:43.182+05:30  INFO 19372 --- [user-management-service] [           main] tc.testcontainers/ryuk:0.6.0             : Pulling docker image: testcontainers/ryuk:0.6.0. Please be patient; this may take some time but only needs to be done once.
2025-06-16T01:20:44.650+05:30  INFO 19372 --- [user-management-service] [           main] o.t.utility.RegistryAuthLocator          : Credential helper/store (docker-credential-desktop) does not have credentials for https://index.docker.io/v1/
2025-06-16T01:20:47.854+05:30  INFO 19372 --- [user-management-service] [ream--623331358] tc.testcontainers/ryuk:0.6.0             : Starting to pull image
2025-06-16T01:20:47.907+05:30  INFO 19372 --- [user-management-service] [ream--623331358] tc.testcontainers/ryuk:0.6.0             : Pulling image layers:  0 pending,  0 downloaded,  0 extracted, (0 bytes/0 bytes)
2025-06-16T01:20:49.598+05:30  INFO 19372 --- [user-management-service] [ream--623331358] tc.testcontainers/ryuk:0.6.0             : Pulling image layers:  2 pending,  1 downloaded,  0 extracted, (3 MB/? MB)
2025-06-16T01:20:49.893+05:30  INFO 19372 --- [user-management-service] [ream--623331358] tc.testcontainers/ryuk:0.6.0             : Pulling image layers:  1 pending,  2 downloaded,  0 extracted, (4 MB/? MB)
2025-06-16T01:20:49.895+05:30  INFO 19372 --- [user-management-service] [ream--623331358] tc.testcontainers/ryuk:0.6.0             : Pulling image layers:  0 pending,  3 downloaded,  0 extracted, (4 MB/6 MB)
2025-06-16T01:20:50.098+05:30  INFO 19372 --- [user-management-service] [ream--623331358] tc.testcontainers/ryuk:0.6.0             : Pulling image layers:  0 pending,  3 downloaded,  1 extracted, (4 MB/6 MB)
2025-06-16T01:20:50.298+05:30  INFO 19372 --- [user-management-service] [ream--623331358] tc.testcontainers/ryuk:0.6.0             : Pulling image layers:  0 pending,  3 downloaded,  2 extracted, (4 MB/6 MB)
2025-06-16T01:20:50.430+05:30  INFO 19372 --- [user-management-service] [ream--623331358] tc.testcontainers/ryuk:0.6.0             : Pulling image layers:  0 pending,  3 downloaded,  3 extracted, (4 MB/6 MB)
2025-06-16T01:20:50.436+05:30  INFO 19372 --- [user-management-service] [ream--623331358] tc.testcontainers/ryuk:0.6.0             : Pull complete. 3 layers, pulled in 2s (downloaded 4 MB at 2 MB/s)
2025-06-16T01:20:50.436+05:30  INFO 19372 --- [user-management-service] [           main] tc.testcontainers/ryuk:0.6.0             : Image testcontainers/ryuk:0.6.0 pull took PT7.2532735S
2025-06-16T01:20:50.857+05:30  INFO 19372 --- [user-management-service] [           main] tc.testcontainers/ryuk:0.6.0             : Creating container for image: testcontainers/ryuk:0.6.0
2025-06-16T01:20:51.443+05:30  INFO 19372 --- [user-management-service] [           main] tc.testcontainers/ryuk:0.6.0             : Container testcontainers/ryuk:0.6.0 is starting: 8bb2c5671ad3656c6e62a9fd71e5bd882db8d36a513b50c2d0d11688f6ae6aca
2025-06-16T01:20:52.310+05:30  INFO 19372 --- [user-management-service] [           main] tc.testcontainers/ryuk:0.6.0             : Container testcontainers/ryuk:0.6.0 started in PT1.4534043S
2025-06-16T01:20:52.330+05:30  INFO 19372 --- [user-management-service] [           main] o.t.utility.RyukResourceReaper           : Ryuk started - will monitor and terminate Testcontainers containers on JVM exit
2025-06-16T01:20:52.331+05:30  INFO 19372 --- [user-management-service] [           main] org.testcontainers.DockerClientFactory   : Checking the system...
2025-06-16T01:20:52.333+05:30  INFO 19372 --- [user-management-service] [           main] org.testcontainers.DockerClientFactory   : ✔︎ Docker server version should be at least 1.6.0
2025-06-16T01:20:52.348+05:30  INFO 19372 --- [user-management-service] [           main] tc.postgres:15-alpine                    : Pulling docker image: postgres:15-alpine. Please be patient; this may take some time but only needs to be done once.
2025-06-16T01:20:54.711+05:30  INFO 19372 --- [user-management-service] [ream--667418021] tc.postgres:15-alpine                    : Starting to pull image
2025-06-16T01:20:54.713+05:30  INFO 19372 --- [user-management-service] [ream--667418021] tc.postgres:15-alpine                    : Pulling image layers:  0 pending,  0 downloaded,  0 extracted, (0 bytes/0 bytes)
2025-06-16T01:20:56.077+05:30  INFO 19372 --- [user-management-service] [ream--667418021] tc.postgres:15-alpine                    : Pulling image layers:  9 pending,  1 downloaded,  0 extracted, (0 bytes/? MB)
2025-06-16T01:20:56.175+05:30  INFO 19372 --- [user-management-service] [ream--667418021] tc.postgres:15-alpine                    : Pulling image layers:  8 pending,  2 downloaded,  0 extracted, (169 bytes/? MB)
2025-06-16T01:20:56.382+05:30  INFO 19372 --- [user-management-service] [ream--667418021] tc.postgres:15-alpine                    : Pulling image layers:  7 pending,  3 downloaded,  0 extracted, (169 bytes/? MB)
2025-06-16T01:20:56.480+05:30  INFO 19372 --- [user-management-service] [ream--667418021] tc.postgres:15-alpine                    : Pulling image layers:  6 pending,  4 downloaded,  0 extracted, (340 bytes/? MB)
2025-06-16T01:20:56.483+05:30  INFO 19372 --- [user-management-service] [ream--667418021] tc.postgres:15-alpine                    : Pulling image layers:  5 pending,  5 downloaded,  0 extracted, (340 bytes/? MB)
2025-06-16T01:20:56.488+05:30  INFO 19372 --- [user-management-service] [ream--667418021] tc.postgres:15-alpine                    : Pulling image layers:  4 pending,  6 downloaded,  0 extracted, (525 bytes/? MB)
2025-06-16T01:20:56.490+05:30  INFO 19372 --- [user-management-service] [ream--667418021] tc.postgres:15-alpine                    : Pulling image layers:  3 pending,  7 downloaded,  0 extracted, (525 bytes/? MB)
2025-06-16T01:20:56.579+05:30  INFO 19372 --- [user-management-service] [ream--667418021] tc.postgres:15-alpine                    : Pulling image layers:  2 pending,  8 downloaded,  0 extracted, (1 MB/? MB)
2025-06-16T01:20:56.581+05:30  INFO 19372 --- [user-management-service] [ream--667418021] tc.postgres:15-alpine                    : Pulling image layers:  1 pending,  9 downloaded,  0 extracted, (1 MB/? MB)
2025-06-16T01:20:56.600+05:30  INFO 19372 --- [user-management-service] [ream--667418021] tc.postgres:15-alpine                    : Pulling image layers:  1 pending,  9 downloaded,  1 extracted, (1 MB/? MB)
2025-06-16T01:20:56.680+05:30  INFO 19372 --- [user-management-service] [ream--667418021] tc.postgres:15-alpine                    : Pulling image layers:  1 pending,  9 downloaded,  2 extracted, (2 MB/? MB)
2025-06-16T01:20:56.717+05:30  INFO 19372 --- [user-management-service] [ream--667418021] tc.postgres:15-alpine                    : Pulling image layers:  1 pending,  9 downloaded,  3 extracted, (2 MB/? MB)
2025-06-16T01:20:56.818+05:30  INFO 19372 --- [user-management-service] [ream--667418021] tc.postgres:15-alpine                    : Pulling image layers:  1 pending,  9 downloaded,  4 extracted, (3 MB/? MB)
2025-06-16T01:21:06.574+05:30  INFO 19372 --- [user-management-service] [ream--667418021] tc.postgres:15-alpine                    : Pulling image layers:  0 pending, 10 downloaded,  4 extracted, (99 MB/99 MB)
2025-06-16T01:21:11.285+05:30  INFO 19372 --- [user-management-service] [ream--667418021] tc.postgres:15-alpine                    : Pulling image layers:  0 pending, 10 downloaded,  5 extracted, (99 MB/99 MB)
2025-06-16T01:21:11.302+05:30  INFO 19372 --- [user-management-service] [ream--667418021] tc.postgres:15-alpine                    : Pulling image layers:  0 pending, 10 downloaded,  6 extracted, (99 MB/99 MB)
2025-06-16T01:21:11.408+05:30  INFO 19372 --- [user-management-service] [ream--667418021] tc.postgres:15-alpine                    : Pulling image layers:  0 pending, 10 downloaded,  7 extracted, (99 MB/99 MB)
2025-06-16T01:21:11.478+05:30  INFO 19372 --- [user-management-service] [ream--667418021] tc.postgres:15-alpine                    : Pulling image layers:  0 pending, 10 downloaded,  8 extracted, (99 MB/99 MB)
2025-06-16T01:21:11.484+05:30  INFO 19372 --- [user-management-service] [ream--667418021] tc.postgres:15-alpine                    : Pulling image layers:  0 pending, 10 downloaded,  9 extracted, (99 MB/99 MB)
2025-06-16T01:21:11.578+05:30  INFO 19372 --- [user-management-service] [ream--667418021] tc.postgres:15-alpine                    : Pulling image layers:  0 pending, 10 downloaded, 10 extracted, (99 MB/99 MB)
2025-06-16T01:21:11.600+05:30  INFO 19372 --- [user-management-service] [           main] tc.postgres:15-alpine                    : Image postgres:15-alpine pull took PT19.2513176S
2025-06-16T01:21:11.601+05:30  INFO 19372 --- [user-management-service] [ream--667418021] tc.postgres:15-alpine                    : Pull complete. 10 layers, pulled in 16s (downloaded 99 MB at 6 MB/s)
2025-06-16T01:21:12.042+05:30  INFO 19372 --- [user-management-service] [           main] tc.postgres:15-alpine                    : Creating container for image: postgres:15-alpine
2025-06-16T01:21:12.518+05:30  INFO 19372 --- [user-management-service] [           main] tc.postgres:15-alpine                    : Container postgres:15-alpine is starting: fe753c6d46f7a3057b6f872d83bb8a9d6e525fb7ff40e9eed0c289a2d7cc3c04
2025-06-16T01:21:16.865+05:30  INFO 19372 --- [user-management-service] [           main] tc.postgres:15-alpine                    : Container postgres:15-alpine started in PT4.8233225S
2025-06-16T01:21:16.868+05:30  INFO 19372 --- [user-management-service] [           main] tc.postgres:15-alpine                    : Container is started (JDBC URL: jdbc:postgresql://localhost:65267/test?loggerLevel=OFF)
2025-06-16T01:21:17.286+05:30  INFO 19372 --- [user-management-service] [           main] com.zaxxer.hikari.pool.HikariPool        : HikariPool-1 - Added connection org.testcontainers.jdbc.ConnectionWrapper@4a225014
2025-06-16T01:21:17.289+05:30  INFO 19372 --- [user-management-service] [           main] com.zaxxer.hikari.HikariDataSource       : HikariPool-1 - Start completed.
2025-06-16T01:21:17.407+05:30  WARN 19372 --- [user-management-service] [           main] org.hibernate.orm.deprecation            : HHH90000025: PostgreSQLDialect does not need to be specified explicitly using 'hibernate.dialect' (remove the property setting and it will be selected by default)
2025-06-16T01:21:19.744+05:30  INFO 19372 --- [user-management-service] [           main] o.h.e.t.j.p.i.JtaPlatformInitiator       : HHH000489: No JTA platform available (set 'hibernate.transaction.jta.platform' to enable JTA platform integration)
2025-06-16T01:21:19.770+05:30 DEBUG 19372 --- [user-management-service] [           main] org.hibernate.SQL                        : 
    alter table if exists refresh_tokens 
       drop constraint if exists FK1lih5y2npsf8u5o3vhdb9y0os
Hibernate: 
    alter table if exists refresh_tokens 
       drop constraint if exists FK1lih5y2npsf8u5o3vhdb9y0os
2025-06-16T01:21:19.778+05:30  WARN 19372 --- [user-management-service] [           main] o.h.engine.jdbc.spi.SqlExceptionHelper   : SQL Warning Code: 0, SQLState: 00000
2025-06-16T01:21:19.778+05:30  WARN 19372 --- [user-management-service] [           main] o.h.engine.jdbc.spi.SqlExceptionHelper   : relation "refresh_tokens" does not exist, skipping
2025-06-16T01:21:19.778+05:30 DEBUG 19372 --- [user-management-service] [           main] org.hibernate.SQL                        : 
    alter table if exists user_roles 
       drop constraint if exists FKh8ciramu9cc9q3qcqiv4ue8a6
Hibernate: 
    alter table if exists user_roles 
       drop constraint if exists FKh8ciramu9cc9q3qcqiv4ue8a6
2025-06-16T01:21:19.781+05:30  WARN 19372 --- [user-management-service] [           main] o.h.engine.jdbc.spi.SqlExceptionHelper   : SQL Warning Code: 0, SQLState: 00000
2025-06-16T01:21:19.781+05:30  WARN 19372 --- [user-management-service] [           main] o.h.engine.jdbc.spi.SqlExceptionHelper   : relation "user_roles" does not exist, skipping
2025-06-16T01:21:19.781+05:30 DEBUG 19372 --- [user-management-service] [           main] org.hibernate.SQL                        : 
    alter table if exists user_roles 
       drop constraint if exists FKhfh9dx7w3ubf1co1vdev94g3f
Hibernate: 
    alter table if exists user_roles 
       drop constraint if exists FKhfh9dx7w3ubf1co1vdev94g3f
2025-06-16T01:21:19.784+05:30  WARN 19372 --- [user-management-service] [           main] o.h.engine.jdbc.spi.SqlExceptionHelper   : SQL Warning Code: 0, SQLState: 00000
2025-06-16T01:21:19.784+05:30  WARN 19372 --- [user-management-service] [           main] o.h.engine.jdbc.spi.SqlExceptionHelper   : relation "user_roles" does not exist, skipping
2025-06-16T01:21:19.784+05:30 DEBUG 19372 --- [user-management-service] [           main] org.hibernate.SQL                        : 
    drop table if exists refresh_tokens cascade
Hibernate: 
    drop table if exists refresh_tokens cascade
2025-06-16T01:21:19.787+05:30  WARN 19372 --- [user-management-service] [           main] o.h.engine.jdbc.spi.SqlExceptionHelper   : SQL Warning Code: 0, SQLState: 00000
2025-06-16T01:21:19.787+05:30  WARN 19372 --- [user-management-service] [           main] o.h.engine.jdbc.spi.SqlExceptionHelper   : table "refresh_tokens" does not exist, skipping
2025-06-16T01:21:19.787+05:30 DEBUG 19372 --- [user-management-service] [           main] org.hibernate.SQL                        : 
    drop table if exists roles cascade
Hibernate: 
    drop table if exists roles cascade
2025-06-16T01:21:19.790+05:30  WARN 19372 --- [user-management-service] [           main] o.h.engine.jdbc.spi.SqlExceptionHelper   : SQL Warning Code: 0, SQLState: 00000
2025-06-16T01:21:19.791+05:30  WARN 19372 --- [user-management-service] [           main] o.h.engine.jdbc.spi.SqlExceptionHelper   : table "roles" does not exist, skipping
2025-06-16T01:21:19.791+05:30 DEBUG 19372 --- [user-management-service] [           main] org.hibernate.SQL                        : 
    drop table if exists user_roles cascade
Hibernate: 
    drop table if exists user_roles cascade
2025-06-16T01:21:19.794+05:30  WARN 19372 --- [user-management-service] [           main] o.h.engine.jdbc.spi.SqlExceptionHelper   : SQL Warning Code: 0, SQLState: 00000
2025-06-16T01:21:19.794+05:30  WARN 19372 --- [user-management-service] [           main] o.h.engine.jdbc.spi.SqlExceptionHelper   : table "user_roles" does not exist, skipping
2025-06-16T01:21:19.794+05:30 DEBUG 19372 --- [user-management-service] [           main] org.hibernate.SQL                        : 
    drop table if exists users cascade
Hibernate: 
    drop table if exists users cascade
2025-06-16T01:21:19.797+05:30  WARN 19372 --- [user-management-service] [           main] o.h.engine.jdbc.spi.SqlExceptionHelper   : SQL Warning Code: 0, SQLState: 00000
2025-06-16T01:21:19.797+05:30  WARN 19372 --- [user-management-service] [           main] o.h.engine.jdbc.spi.SqlExceptionHelper   : table "users" does not exist, skipping
2025-06-16T01:21:19.808+05:30 DEBUG 19372 --- [user-management-service] [           main] org.hibernate.SQL                        : 
    create table refresh_tokens (
        revoked boolean not null,
        created_at timestamp(6) not null,
        expiry_date timestamp(6) with time zone not null,
        id bigserial not null,
        updated_at timestamp(6) not null,
        user_id bigint unique,
        version bigint,
        token varchar(255) not null unique,
        primary key (id)
    )
Hibernate: 
    create table refresh_tokens (
        revoked boolean not null,
        created_at timestamp(6) not null,
        expiry_date timestamp(6) with time zone not null,
        id bigserial not null,
        updated_at timestamp(6) not null,
        user_id bigint unique,
        version bigint,
        token varchar(255) not null unique,
        primary key (id)
    )
2025-06-16T01:21:19.820+05:30 DEBUG 19372 --- [user-management-service] [           main] org.hibernate.SQL                        : 
    create table roles (
        created_at timestamp(6) not null,
        id bigserial not null,
        updated_at timestamp(6) not null,
        version bigint,
        description varchar(500),
        name varchar(255) not null unique check (name in ('ROLE_CUSTOMER','ROLE_SELLER','ROLE_ADMIN')),
        primary key (id)
    )
Hibernate: 
    create table roles (
        created_at timestamp(6) not null,
        id bigserial not null,
        updated_at timestamp(6) not null,
        version bigint,
        description varchar(500),
        name varchar(255) not null unique check (name in ('ROLE_CUSTOMER','ROLE_SELLER','ROLE_ADMIN')),
        primary key (id)
    )
2025-06-16T01:21:19.831+05:30 DEBUG 19372 --- [user-management-service] [           main] org.hibernate.SQL                        : 
    create table user_roles (
        role_id bigint not null,
        user_id bigint not null,
        primary key (role_id, user_id)
    )
Hibernate: 
    create table user_roles (
        role_id bigint not null,
        user_id bigint not null,
        primary key (role_id, user_id)
    )
2025-06-16T01:21:19.837+05:30 DEBUG 19372 --- [user-management-service] [           main] org.hibernate.SQL                        : 
    create table users (
        enabled boolean not null,
        is_seller boolean,
        created_at timestamp(6) not null,
        id bigserial not null,
        updated_at timestamp(6) not null,
        version bigint,
        phone varchar(20) not null,
        first_name varchar(50) not null,
        last_name varchar(50) not null,
        email varchar(100) not null,
        password varchar(120) not null,
        bank_account_number varchar(255),
        bank_ifsc_code varchar(255),
        business_address varchar(255),
        business_name varchar(255),
        upi_id varchar(255),
        primary key (id),
        unique (email),
        unique (phone)
    )
Hibernate: 
    create table users (
        enabled boolean not null,
        is_seller boolean,
        created_at timestamp(6) not null,
        id bigserial not null,
        updated_at timestamp(6) not null,
        version bigint,
        phone varchar(20) not null,
        first_name varchar(50) not null,
        last_name varchar(50) not null,
        email varchar(100) not null,
        password varchar(120) not null,
        bank_account_number varchar(255),
        bank_ifsc_code varchar(255),
        business_address varchar(255),
        business_name varchar(255),
        upi_id varchar(255),
        primary key (id),
        unique (email),
        unique (phone)
    )
2025-06-16T01:21:19.848+05:30 DEBUG 19372 --- [user-management-service] [           main] org.hibernate.SQL                        : 
    alter table if exists refresh_tokens 
       add constraint FK1lih5y2npsf8u5o3vhdb9y0os 
       foreign key (user_id) 
       references users
Hibernate: 
    alter table if exists refresh_tokens 
       add constraint FK1lih5y2npsf8u5o3vhdb9y0os 
       foreign key (user_id) 
       references users
2025-06-16T01:21:19.863+05:30 DEBUG 19372 --- [user-management-service] [           main] org.hibernate.SQL                        : 
    alter table if exists user_roles 
       add constraint FKh8ciramu9cc9q3qcqiv4ue8a6 
       foreign key (role_id) 
       references roles
Hibernate: 
    alter table if exists user_roles 
       add constraint FKh8ciramu9cc9q3qcqiv4ue8a6 
       foreign key (role_id) 
       references roles
2025-06-16T01:21:19.879+05:30 DEBUG 19372 --- [user-management-service] [           main] org.hibernate.SQL                        : 
    alter table if exists user_roles 
       add constraint FKhfh9dx7w3ubf1co1vdev94g3f 
       foreign key (user_id) 
       references users
Hibernate: 
    alter table if exists user_roles 
       add constraint FKhfh9dx7w3ubf1co1vdev94g3f 
       foreign key (user_id) 
       references users
2025-06-16T01:21:19.905+05:30  INFO 19372 --- [user-management-service] [           main] j.LocalContainerEntityManagerFactoryBean : Initialized JPA EntityManagerFactory for persistence unit 'default'
2025-06-16T01:21:20.724+05:30  INFO 19372 --- [user-management-service] [           main] o.s.d.j.r.query.QueryEnhancerFactory     : Hibernate is in classpath; If applicable, HQL parser will be used.
2025-06-16T01:21:22.457+05:30  WARN 19372 --- [user-management-service] [           main] JpaBaseConfiguration$JpaWebConfiguration : spring.jpa.open-in-view is enabled by default. Therefore, database queries may be performed during view rendering. Explicitly configure spring.jpa.open-in-view to disable this warning
2025-06-16T01:21:23.283+05:30  INFO 19372 --- [user-management-service] [           main] o.s.s.web.DefaultSecurityFilterChain     : Will secure any request with [org.springframework.security.web.session.DisableEncodeUrlFilter@2655ccbd, org.springframework.security.web.context.request.async.WebAsyncManagerIntegrationFilter@62d42eb7, org.springframework.security.web.context.SecurityContextHolderFilter@6d2058b1, org.springframework.security.web.header.HeaderWriterFilter@7262f848, org.springframework.web.filter.CorsFilter@22f0d1e0, org.springframework.security.web.authentication.logout.LogoutFilter@5981b51, com.foodorder.usermanagement.security.JwtAuthenticationFilter@372e01e0, org.springframework.security.web.savedrequest.RequestCacheAwareFilter@4cbb73bf, org.springframework.security.web.servletapi.SecurityContextHolderAwareRequestFilter@6d69bdcc, org.springframework.security.web.authentication.AnonymousAuthenticationFilter@77784a86, org.springframework.security.web.session.SessionManagementFilter@5308c994, org.springframework.security.web.access.ExceptionTranslationFilter@7a4729e6, org.springframework.security.web.access.intercept.AuthorizationFilter@119aabf3]
2025-06-16T01:21:24.235+05:30 DEBUG 19372 --- [user-management-service] [           main] c.f.u.security.JwtAuthenticationFilter   : Filter 'jwtAuthenticationFilter' configured for use
2025-06-16T01:21:24.236+05:30  INFO 19372 --- [user-management-service] [           main] o.s.b.t.m.w.SpringBootMockServletContext : Initializing Spring TestDispatcherServlet ''
2025-06-16T01:21:24.236+05:30  INFO 19372 --- [user-management-service] [           main] o.s.t.web.servlet.TestDispatcherServlet  : Initializing Servlet ''
2025-06-16T01:21:24.237+05:30  INFO 19372 --- [user-management-service] [           main] o.s.t.web.servlet.TestDispatcherServlet  : Completed initialization in 1 ms
2025-06-16T01:21:24.277+05:30  INFO 19372 --- [user-management-service] [           main] c.f.u.integration.AuthIntegrationTest    : Started AuthIntegrationTest in 46.953 seconds (process running for 56.799)
2025-06-16T01:21:24.488+05:30 DEBUG 19372 --- [user-management-service] [           main] org.hibernate.SQL                        : 
    select
        r1_0.id 
    from
        roles r1_0 
    where
        r1_0.name=? 
    fetch
        first ? rows only
Hibernate: 
    select
        r1_0.id 
    from
        roles r1_0 
    where
        r1_0.name=? 
    fetch
        first ? rows only
2025-06-16T01:21:24.602+05:30 DEBUG 19372 --- [user-management-service] [           main] org.hibernate.SQL                        : 
    insert 
    into
        roles
        (created_at, description, name, updated_at, version) 
    values
        (?, ?, ?, ?, ?)
Hibernate: 
    insert 
    into
        roles
        (created_at, description, name, updated_at, version) 
    values
        (?, ?, ?, ?, ?)
2025-06-16T01:21:24.625+05:30 DEBUG 19372 --- [user-management-service] [           main] org.hibernate.SQL                        : 
    select
        r1_0.id 
    from
        roles r1_0 
    where
        r1_0.name=? 
    fetch
        first ? rows only
Hibernate: 
    select
        r1_0.id 
    from
        roles r1_0 
    where
        r1_0.name=? 
    fetch
        first ? rows only
2025-06-16T01:21:24.629+05:30 DEBUG 19372 --- [user-management-service] [           main] org.hibernate.SQL                        : 
    insert 
    into
        roles
        (created_at, description, name, updated_at, version) 
    values
        (?, ?, ?, ?, ?)
Hibernate: 
    insert 
    into
        roles
        (created_at, description, name, updated_at, version) 
    values
        (?, ?, ?, ?, ?)
2025-06-16T01:21:24.719+05:30 DEBUG 19372 --- [user-management-service] [           main] o.s.security.web.FilterChainProxy        : Securing POST /api/v1/auth/register
2025-06-16T01:21:24.731+05:30 DEBUG 19372 --- [user-management-service] [           main] o.s.s.w.a.AnonymousAuthenticationFilter  : Set SecurityContextHolder to anonymous SecurityContext
2025-06-16T01:21:24.732+05:30 DEBUG 19372 --- [user-management-service] [           main] o.s.security.web.FilterChainProxy        : Secured POST /api/v1/auth/register
2025-06-16T01:21:24.915+05:30 DEBUG 19372 --- [user-management-service] [           main] org.hibernate.SQL                        : 
    select
        u1_0.id 
    from
        users u1_0 
    where
        u1_0.email=? 
    fetch
        first ? rows only
Hibernate: 
    select
        u1_0.id 
    from
        users u1_0 
    where
        u1_0.email=? 
    fetch
        first ? rows only
2025-06-16T01:21:24.920+05:30 DEBUG 19372 --- [user-management-service] [           main] org.hibernate.SQL                        : 
    select
        u1_0.id 
    from
        users u1_0 
    where
        u1_0.phone=? 
    fetch
        first ? rows only
Hibernate: 
    select
        u1_0.id 
    from
        users u1_0 
    where
        u1_0.phone=? 
    fetch
        first ? rows only
2025-06-16T01:21:25.069+05:30 DEBUG 19372 --- [user-management-service] [           main] org.hibernate.SQL                        : 
    select
        r1_0.id,
        r1_0.created_at,
        r1_0.description,
        r1_0.name,
        r1_0.updated_at,
        r1_0.version 
    from
        roles r1_0 
    where
        r1_0.name=?
Hibernate: 
    select
        r1_0.id,
        r1_0.created_at,
        r1_0.description,
        r1_0.name,
        r1_0.updated_at,
        r1_0.version 
    from
        roles r1_0 
    where
        r1_0.name=?
2025-06-16T01:21:25.129+05:30 DEBUG 19372 --- [user-management-service] [           main] org.hibernate.SQL                        : 
    insert 
    into
        users
        (bank_account_number, bank_ifsc_code, business_address, business_name, created_at, email, enabled, first_name, is_seller, last_name, password, phone, updated_at, upi_id, version) 
    values
        (?, ?, ?, ?, ?, ?, ?, ?, ?, ?, ?, ?, ?, ?, ?)
Hibernate: 
    insert 
    into
        users
        (bank_account_number, bank_ifsc_code, business_address, business_name, created_at, email, enabled, first_name, is_seller, last_name, password, phone, updated_at, upi_id, version) 
    values
        (?, ?, ?, ?, ?, ?, ?, ?, ?, ?, ?, ?, ?, ?, ?)
2025-06-16T01:21:25.243+05:30 DEBUG 19372 --- [user-management-service] [           main] org.hibernate.SQL                        : 
    select
        u1_0.id,
        u1_0.bank_account_number,
        u1_0.bank_ifsc_code,
        u1_0.business_address,
        u1_0.business_name,
        u1_0.created_at,
        u1_0.email,
        u1_0.enabled,
        u1_0.first_name,
        u1_0.is_seller,
        u1_0.last_name,
        u1_0.password,
        u1_0.phone,
        u1_0.updated_at,
        u1_0.upi_id,
        u1_0.version 
    from
        users u1_0 
    where
        u1_0.email=?
Hibernate: 
    select
        u1_0.id,
        u1_0.bank_account_number,
        u1_0.bank_ifsc_code,
        u1_0.business_address,
        u1_0.business_name,
        u1_0.created_at,
        u1_0.email,
        u1_0.enabled,
        u1_0.first_name,
        u1_0.is_seller,
        u1_0.last_name,
        u1_0.password,
        u1_0.phone,
        u1_0.updated_at,
        u1_0.upi_id,
        u1_0.version 
    from
        users u1_0 
    where
        u1_0.email=?
2025-06-16T01:21:25.355+05:30 DEBUG 19372 --- [user-management-service] [           main] o.s.s.a.dao.DaoAuthenticationProvider    : Authenticated user

MockHttpServletRequest:
      HTTP Method = POST
      Request URI = /api/v1/auth/register
       Parameters = {}
          Headers = [Content-Type:"application/json;charset=UTF-8", Content-Length:"270"]
             Body = {"firstName":"Test","lastName":"User","email":"test@example.com","phone":"+1234567890","password":"password123","businessName":"Test Business","businessAddress":"123 Test St","upiId":"test@upi","bankAccountNumber":"1234567890","bankIfscCode":"TEST0123456","seller":true}
    Session Attrs = {}

Handler:
             Type = com.foodorder.usermanagement.controller.AuthController
           Method = com.foodorder.usermanagement.controller.AuthController#register(RegisterRequest)

Async:
    Async started = false
     Async result = null

Resolved Exception:
             Type = java.lang.ClassCastException

ModelAndView:
        View name = null
             View = null
            Model = null

FlashMap:
       Attributes = null

MockHttpServletResponse:
           Status = 500
    Error message = null
          Headers = [Vary:"Origin", "Access-Control-Request-Method", "Access-Control-Request-Headers", Content-Type:"application/json", X-Content-Type-Options:"nosniff", X-XSS-Protection:"0", Cache-Control:"no-cache, no-store, max-age=0, must-revalidate", Pragma:"no-cache", Expires:"0", X-Frame-Options:"DENY"]
     Content type = application/json
             Body = {"status":500,"message":"An unexpected error occurred: class org.springframework.security.core.userdetails.User cannot be cast to class com.foodorder.usermanagement.model.User (org.springframework.security.core.userdetails.User and com.foodorder.usermanagement.model.User are in unnamed module of loader 'app')","timestamp":"2025-06-16T01:21:25.4267918"}
    Forwarded URL = null
   Redirected URL = null
          Cookies = []
]]></system-out>
  </testcase>
  <testcase name="register_DuplicateEmail_ReturnsConflict" classname="com.foodorder.usermanagement.integration.AuthIntegrationTest" time="0.279">
    <failure message="Status expected:&lt;200&gt; but was:&lt;500&gt;" type="java.lang.AssertionError"><![CDATA[java.lang.AssertionError: Status expected:<200> but was:<500>
	at org.springframework.test.util.AssertionErrors.fail(AssertionErrors.java:59)
	at org.springframework.test.util.AssertionErrors.assertEquals(AssertionErrors.java:122)
	at org.springframework.test.web.servlet.result.StatusResultMatchers.lambda$matcher$9(StatusResultMatchers.java:637)
	at org.springframework.test.web.servlet.MockMvc$1.andExpect(MockMvc.java:214)
	at com.foodorder.usermanagement.integration.AuthIntegrationTest.register_DuplicateEmail_ReturnsConflict(AuthIntegrationTest.java:107)
	at java.base/java.lang.reflect.Method.invoke(Method.java:580)
	at java.base/java.util.ArrayList.forEach(ArrayList.java:1596)
	at java.base/java.util.ArrayList.forEach(ArrayList.java:1596)
]]></failure>
    <system-out><![CDATA[2025-06-16T01:21:25.477+05:30 DEBUG 19372 --- [user-management-service] [           main] org.hibernate.SQL                        : 
    select
        r1_0.id 
    from
        roles r1_0 
    where
        r1_0.name=? 
    fetch
        first ? rows only
Hibernate: 
    select
        r1_0.id 
    from
        roles r1_0 
    where
        r1_0.name=? 
    fetch
        first ? rows only
2025-06-16T01:21:25.484+05:30 DEBUG 19372 --- [user-management-service] [           main] org.hibernate.SQL                        : 
    insert 
    into
        roles
        (created_at, description, name, updated_at, version) 
    values
        (?, ?, ?, ?, ?)
Hibernate: 
    insert 
    into
        roles
        (created_at, description, name, updated_at, version) 
    values
        (?, ?, ?, ?, ?)
2025-06-16T01:21:25.490+05:30 DEBUG 19372 --- [user-management-service] [           main] org.hibernate.SQL                        : 
    select
        r1_0.id 
    from
        roles r1_0 
    where
        r1_0.name=? 
    fetch
        first ? rows only
Hibernate: 
    select
        r1_0.id 
    from
        roles r1_0 
    where
        r1_0.name=? 
    fetch
        first ? rows only
2025-06-16T01:21:25.497+05:30 DEBUG 19372 --- [user-management-service] [           main] org.hibernate.SQL                        : 
    insert 
    into
        roles
        (created_at, description, name, updated_at, version) 
    values
        (?, ?, ?, ?, ?)
Hibernate: 
    insert 
    into
        roles
        (created_at, description, name, updated_at, version) 
    values
        (?, ?, ?, ?, ?)
2025-06-16T01:21:25.508+05:30 DEBUG 19372 --- [user-management-service] [           main] o.s.security.web.FilterChainProxy        : Securing POST /api/v1/auth/register
2025-06-16T01:21:25.509+05:30 DEBUG 19372 --- [user-management-service] [           main] o.s.s.w.a.AnonymousAuthenticationFilter  : Set SecurityContextHolder to anonymous SecurityContext
2025-06-16T01:21:25.509+05:30 DEBUG 19372 --- [user-management-service] [           main] o.s.security.web.FilterChainProxy        : Secured POST /api/v1/auth/register
2025-06-16T01:21:25.514+05:30 DEBUG 19372 --- [user-management-service] [           main] org.hibernate.SQL                        : 
    select
        u1_0.id 
    from
        users u1_0 
    where
        u1_0.email=? 
    fetch
        first ? rows only
Hibernate: 
    select
        u1_0.id 
    from
        users u1_0 
    where
        u1_0.email=? 
    fetch
        first ? rows only
2025-06-16T01:21:25.521+05:30 DEBUG 19372 --- [user-management-service] [           main] org.hibernate.SQL                        : 
    select
        u1_0.id 
    from
        users u1_0 
    where
        u1_0.phone=? 
    fetch
        first ? rows only
Hibernate: 
    select
        u1_0.id 
    from
        users u1_0 
    where
        u1_0.phone=? 
    fetch
        first ? rows only
2025-06-16T01:21:25.628+05:30 DEBUG 19372 --- [user-management-service] [           main] org.hibernate.SQL                        : 
    select
        r1_0.id,
        r1_0.created_at,
        r1_0.description,
        r1_0.name,
        r1_0.updated_at,
        r1_0.version 
    from
        roles r1_0 
    where
        r1_0.name=?
Hibernate: 
    select
        r1_0.id,
        r1_0.created_at,
        r1_0.description,
        r1_0.name,
        r1_0.updated_at,
        r1_0.version 
    from
        roles r1_0 
    where
        r1_0.name=?
2025-06-16T01:21:25.633+05:30 DEBUG 19372 --- [user-management-service] [           main] org.hibernate.SQL                        : 
    insert 
    into
        users
        (bank_account_number, bank_ifsc_code, business_address, business_name, created_at, email, enabled, first_name, is_seller, last_name, password, phone, updated_at, upi_id, version) 
    values
        (?, ?, ?, ?, ?, ?, ?, ?, ?, ?, ?, ?, ?, ?, ?)
Hibernate: 
    insert 
    into
        users
        (bank_account_number, bank_ifsc_code, business_address, business_name, created_at, email, enabled, first_name, is_seller, last_name, password, phone, updated_at, upi_id, version) 
    values
        (?, ?, ?, ?, ?, ?, ?, ?, ?, ?, ?, ?, ?, ?, ?)
2025-06-16T01:21:25.638+05:30 DEBUG 19372 --- [user-management-service] [           main] org.hibernate.SQL                        : 
    select
        u1_0.id,
        u1_0.bank_account_number,
        u1_0.bank_ifsc_code,
        u1_0.business_address,
        u1_0.business_name,
        u1_0.created_at,
        u1_0.email,
        u1_0.enabled,
        u1_0.first_name,
        u1_0.is_seller,
        u1_0.last_name,
        u1_0.password,
        u1_0.phone,
        u1_0.updated_at,
        u1_0.upi_id,
        u1_0.version 
    from
        users u1_0 
    where
        u1_0.email=?
Hibernate: 
    select
        u1_0.id,
        u1_0.bank_account_number,
        u1_0.bank_ifsc_code,
        u1_0.business_address,
        u1_0.business_name,
        u1_0.created_at,
        u1_0.email,
        u1_0.enabled,
        u1_0.first_name,
        u1_0.is_seller,
        u1_0.last_name,
        u1_0.password,
        u1_0.phone,
        u1_0.updated_at,
        u1_0.upi_id,
        u1_0.version 
    from
        users u1_0 
    where
        u1_0.email=?
2025-06-16T01:21:25.740+05:30 DEBUG 19372 --- [user-management-service] [           main] o.s.s.a.dao.DaoAuthenticationProvider    : Authenticated user

MockHttpServletRequest:
      HTTP Method = POST
      Request URI = /api/v1/auth/register
       Parameters = {}
          Headers = [Content-Type:"application/json;charset=UTF-8", Content-Length:"228"]
             Body = {"firstName":"Test","lastName":"User","email":"test@example.com","phone":"+1234567890","password":"password123","businessName":null,"businessAddress":null,"upiId":null,"bankAccountNumber":null,"bankIfscCode":null,"seller":false}
    Session Attrs = {}

Handler:
             Type = com.foodorder.usermanagement.controller.AuthController
           Method = com.foodorder.usermanagement.controller.AuthController#register(RegisterRequest)

Async:
    Async started = false
     Async result = null

Resolved Exception:
             Type = java.lang.ClassCastException

ModelAndView:
        View name = null
             View = null
            Model = null

FlashMap:
       Attributes = null

MockHttpServletResponse:
           Status = 500
    Error message = null
          Headers = [Vary:"Origin", "Access-Control-Request-Method", "Access-Control-Request-Headers", Content-Type:"application/json", X-Content-Type-Options:"nosniff", X-XSS-Protection:"0", Cache-Control:"no-cache, no-store, max-age=0, must-revalidate", Pragma:"no-cache", Expires:"0", X-Frame-Options:"DENY"]
     Content type = application/json
             Body = {"status":500,"message":"An unexpected error occurred: class org.springframework.security.core.userdetails.User cannot be cast to class com.foodorder.usermanagement.model.User (org.springframework.security.core.userdetails.User and com.foodorder.usermanagement.model.User are in unnamed module of loader 'app')","timestamp":"2025-06-16T01:21:25.7429194"}
    Forwarded URL = null
   Redirected URL = null
          Cookies = []
]]></system-out>
  </testcase>
  <testcase name="registerAndLogin_Success" classname="com.foodorder.usermanagement.integration.AuthIntegrationTest" time="0.275">
    <failure message="Status expected:&lt;200&gt; but was:&lt;500&gt;" type="java.lang.AssertionError"><![CDATA[java.lang.AssertionError: Status expected:<200> but was:<500>
	at org.springframework.test.util.AssertionErrors.fail(AssertionErrors.java:59)
	at org.springframework.test.util.AssertionErrors.assertEquals(AssertionErrors.java:122)
	at org.springframework.test.web.servlet.result.StatusResultMatchers.lambda$matcher$9(StatusResultMatchers.java:637)
	at org.springframework.test.web.servlet.MockMvc$1.andExpect(MockMvc.java:214)
	at com.foodorder.usermanagement.integration.AuthIntegrationTest.registerAndLogin_Success(AuthIntegrationTest.java:76)
	at java.base/java.lang.reflect.Method.invoke(Method.java:580)
	at java.base/java.util.ArrayList.forEach(ArrayList.java:1596)
	at java.base/java.util.ArrayList.forEach(ArrayList.java:1596)
]]></failure>
    <system-out><![CDATA[2025-06-16T01:21:25.754+05:30 DEBUG 19372 --- [user-management-service] [           main] org.hibernate.SQL                        : 
    select
        r1_0.id 
    from
        roles r1_0 
    where
        r1_0.name=? 
    fetch
        first ? rows only
Hibernate: 
    select
        r1_0.id 
    from
        roles r1_0 
    where
        r1_0.name=? 
    fetch
        first ? rows only
2025-06-16T01:21:25.758+05:30 DEBUG 19372 --- [user-management-service] [           main] org.hibernate.SQL                        : 
    insert 
    into
        roles
        (created_at, description, name, updated_at, version) 
    values
        (?, ?, ?, ?, ?)
Hibernate: 
    insert 
    into
        roles
        (created_at, description, name, updated_at, version) 
    values
        (?, ?, ?, ?, ?)
2025-06-16T01:21:25.765+05:30 DEBUG 19372 --- [user-management-service] [           main] org.hibernate.SQL                        : 
    select
        r1_0.id 
    from
        roles r1_0 
    where
        r1_0.name=? 
    fetch
        first ? rows only
Hibernate: 
    select
        r1_0.id 
    from
        roles r1_0 
    where
        r1_0.name=? 
    fetch
        first ? rows only
2025-06-16T01:21:25.769+05:30 DEBUG 19372 --- [user-management-service] [           main] org.hibernate.SQL                        : 
    insert 
    into
        roles
        (created_at, description, name, updated_at, version) 
    values
        (?, ?, ?, ?, ?)
Hibernate: 
    insert 
    into
        roles
        (created_at, description, name, updated_at, version) 
    values
        (?, ?, ?, ?, ?)
2025-06-16T01:21:25.777+05:30 DEBUG 19372 --- [user-management-service] [           main] o.s.security.web.FilterChainProxy        : Securing POST /api/v1/auth/register
2025-06-16T01:21:25.777+05:30 DEBUG 19372 --- [user-management-service] [           main] o.s.s.w.a.AnonymousAuthenticationFilter  : Set SecurityContextHolder to anonymous SecurityContext
2025-06-16T01:21:25.777+05:30 DEBUG 19372 --- [user-management-service] [           main] o.s.security.web.FilterChainProxy        : Secured POST /api/v1/auth/register
2025-06-16T01:21:25.781+05:30 DEBUG 19372 --- [user-management-service] [           main] org.hibernate.SQL                        : 
    select
        u1_0.id 
    from
        users u1_0 
    where
        u1_0.email=? 
    fetch
        first ? rows only
Hibernate: 
    select
        u1_0.id 
    from
        users u1_0 
    where
        u1_0.email=? 
    fetch
        first ? rows only
2025-06-16T01:21:25.785+05:30 DEBUG 19372 --- [user-management-service] [           main] org.hibernate.SQL                        : 
    select
        u1_0.id 
    from
        users u1_0 
    where
        u1_0.phone=? 
    fetch
        first ? rows only
Hibernate: 
    select
        u1_0.id 
    from
        users u1_0 
    where
        u1_0.phone=? 
    fetch
        first ? rows only
2025-06-16T01:21:25.901+05:30 DEBUG 19372 --- [user-management-service] [           main] org.hibernate.SQL                        : 
    select
        r1_0.id,
        r1_0.created_at,
        r1_0.description,
        r1_0.name,
        r1_0.updated_at,
        r1_0.version 
    from
        roles r1_0 
    where
        r1_0.name=?
Hibernate: 
    select
        r1_0.id,
        r1_0.created_at,
        r1_0.description,
        r1_0.name,
        r1_0.updated_at,
        r1_0.version 
    from
        roles r1_0 
    where
        r1_0.name=?
2025-06-16T01:21:25.905+05:30 DEBUG 19372 --- [user-management-service] [           main] org.hibernate.SQL                        : 
    insert 
    into
        users
        (bank_account_number, bank_ifsc_code, business_address, business_name, created_at, email, enabled, first_name, is_seller, last_name, password, phone, updated_at, upi_id, version) 
    values
        (?, ?, ?, ?, ?, ?, ?, ?, ?, ?, ?, ?, ?, ?, ?)
Hibernate: 
    insert 
    into
        users
        (bank_account_number, bank_ifsc_code, business_address, business_name, created_at, email, enabled, first_name, is_seller, last_name, password, phone, updated_at, upi_id, version) 
    values
        (?, ?, ?, ?, ?, ?, ?, ?, ?, ?, ?, ?, ?, ?, ?)
2025-06-16T01:21:25.910+05:30 DEBUG 19372 --- [user-management-service] [           main] org.hibernate.SQL                        : 
    select
        u1_0.id,
        u1_0.bank_account_number,
        u1_0.bank_ifsc_code,
        u1_0.business_address,
        u1_0.business_name,
        u1_0.created_at,
        u1_0.email,
        u1_0.enabled,
        u1_0.first_name,
        u1_0.is_seller,
        u1_0.last_name,
        u1_0.password,
        u1_0.phone,
        u1_0.updated_at,
        u1_0.upi_id,
        u1_0.version 
    from
        users u1_0 
    where
        u1_0.email=?
Hibernate: 
    select
        u1_0.id,
        u1_0.bank_account_number,
        u1_0.bank_ifsc_code,
        u1_0.business_address,
        u1_0.business_name,
        u1_0.created_at,
        u1_0.email,
        u1_0.enabled,
        u1_0.first_name,
        u1_0.is_seller,
        u1_0.last_name,
        u1_0.password,
        u1_0.phone,
        u1_0.updated_at,
        u1_0.upi_id,
        u1_0.version 
    from
        users u1_0 
    where
        u1_0.email=?
2025-06-16T01:21:26.016+05:30 DEBUG 19372 --- [user-management-service] [           main] o.s.s.a.dao.DaoAuthenticationProvider    : Authenticated user

MockHttpServletRequest:
      HTTP Method = POST
      Request URI = /api/v1/auth/register
       Parameters = {}
          Headers = [Content-Type:"application/json;charset=UTF-8", Content-Length:"228"]
             Body = {"firstName":"Test","lastName":"User","email":"test@example.com","phone":"+1234567890","password":"password123","businessName":null,"businessAddress":null,"upiId":null,"bankAccountNumber":null,"bankIfscCode":null,"seller":false}
    Session Attrs = {}

Handler:
             Type = com.foodorder.usermanagement.controller.AuthController
           Method = com.foodorder.usermanagement.controller.AuthController#register(RegisterRequest)

Async:
    Async started = false
     Async result = null

Resolved Exception:
             Type = java.lang.ClassCastException

ModelAndView:
        View name = null
             View = null
            Model = null

FlashMap:
       Attributes = null

MockHttpServletResponse:
           Status = 500
    Error message = null
          Headers = [Vary:"Origin", "Access-Control-Request-Method", "Access-Control-Request-Headers", Content-Type:"application/json", X-Content-Type-Options:"nosniff", X-XSS-Protection:"0", Cache-Control:"no-cache, no-store, max-age=0, must-revalidate", Pragma:"no-cache", Expires:"0", X-Frame-Options:"DENY"]
     Content type = application/json
             Body = {"status":500,"message":"An unexpected error occurred: class org.springframework.security.core.userdetails.User cannot be cast to class com.foodorder.usermanagement.model.User (org.springframework.security.core.userdetails.User and com.foodorder.usermanagement.model.User are in unnamed module of loader 'app')","timestamp":"2025-06-16T01:21:26.0180172"}
    Forwarded URL = null
   Redirected URL = null
          Cookies = []
]]></system-out>
  </testcase>
  <testcase name="login_InvalidCredentials_ReturnsUnauthorized" classname="com.foodorder.usermanagement.integration.AuthIntegrationTest" time="0.303">
    <failure message="Status expected:&lt;200&gt; but was:&lt;500&gt;" type="java.lang.AssertionError"><![CDATA[java.lang.AssertionError: Status expected:<200> but was:<500>
	at org.springframework.test.util.AssertionErrors.fail(AssertionErrors.java:59)
	at org.springframework.test.util.AssertionErrors.assertEquals(AssertionErrors.java:122)
	at org.springframework.test.web.servlet.result.StatusResultMatchers.lambda$matcher$9(StatusResultMatchers.java:637)
	at org.springframework.test.web.servlet.MockMvc$1.andExpect(MockMvc.java:214)
	at com.foodorder.usermanagement.integration.AuthIntegrationTest.login_InvalidCredentials_ReturnsUnauthorized(AuthIntegrationTest.java:122)
	at java.base/java.lang.reflect.Method.invoke(Method.java:580)
	at java.base/java.util.ArrayList.forEach(ArrayList.java:1596)
	at java.base/java.util.ArrayList.forEach(ArrayList.java:1596)
]]></failure>
    <system-out><![CDATA[2025-06-16T01:21:26.035+05:30 DEBUG 19372 --- [user-management-service] [           main] org.hibernate.SQL                        : 
    select
        r1_0.id 
    from
        roles r1_0 
    where
        r1_0.name=? 
    fetch
        first ? rows only
Hibernate: 
    select
        r1_0.id 
    from
        roles r1_0 
    where
        r1_0.name=? 
    fetch
        first ? rows only
2025-06-16T01:21:26.042+05:30 DEBUG 19372 --- [user-management-service] [           main] org.hibernate.SQL                        : 
    insert 
    into
        roles
        (created_at, description, name, updated_at, version) 
    values
        (?, ?, ?, ?, ?)
Hibernate: 
    insert 
    into
        roles
        (created_at, description, name, updated_at, version) 
    values
        (?, ?, ?, ?, ?)
2025-06-16T01:21:26.052+05:30 DEBUG 19372 --- [user-management-service] [           main] org.hibernate.SQL                        : 
    select
        r1_0.id 
    from
        roles r1_0 
    where
        r1_0.name=? 
    fetch
        first ? rows only
Hibernate: 
    select
        r1_0.id 
    from
        roles r1_0 
    where
        r1_0.name=? 
    fetch
        first ? rows only
2025-06-16T01:21:26.056+05:30 DEBUG 19372 --- [user-management-service] [           main] org.hibernate.SQL                        : 
    insert 
    into
        roles
        (created_at, description, name, updated_at, version) 
    values
        (?, ?, ?, ?, ?)
Hibernate: 
    insert 
    into
        roles
        (created_at, description, name, updated_at, version) 
    values
        (?, ?, ?, ?, ?)
2025-06-16T01:21:26.064+05:30 DEBUG 19372 --- [user-management-service] [           main] o.s.security.web.FilterChainProxy        : Securing POST /api/v1/auth/register
2025-06-16T01:21:26.065+05:30 DEBUG 19372 --- [user-management-service] [           main] o.s.s.w.a.AnonymousAuthenticationFilter  : Set SecurityContextHolder to anonymous SecurityContext
2025-06-16T01:21:26.065+05:30 DEBUG 19372 --- [user-management-service] [           main] o.s.security.web.FilterChainProxy        : Secured POST /api/v1/auth/register
2025-06-16T01:21:26.068+05:30 DEBUG 19372 --- [user-management-service] [           main] org.hibernate.SQL                        : 
    select
        u1_0.id 
    from
        users u1_0 
    where
        u1_0.email=? 
    fetch
        first ? rows only
Hibernate: 
    select
        u1_0.id 
    from
        users u1_0 
    where
        u1_0.email=? 
    fetch
        first ? rows only
2025-06-16T01:21:26.075+05:30 DEBUG 19372 --- [user-management-service] [           main] org.hibernate.SQL                        : 
    select
        u1_0.id 
    from
        users u1_0 
    where
        u1_0.phone=? 
    fetch
        first ? rows only
Hibernate: 
    select
        u1_0.id 
    from
        users u1_0 
    where
        u1_0.phone=? 
    fetch
        first ? rows only
2025-06-16T01:21:26.203+05:30 DEBUG 19372 --- [user-management-service] [           main] org.hibernate.SQL                        : 
    select
        r1_0.id,
        r1_0.created_at,
        r1_0.description,
        r1_0.name,
        r1_0.updated_at,
        r1_0.version 
    from
        roles r1_0 
    where
        r1_0.name=?
Hibernate: 
    select
        r1_0.id,
        r1_0.created_at,
        r1_0.description,
        r1_0.name,
        r1_0.updated_at,
        r1_0.version 
    from
        roles r1_0 
    where
        r1_0.name=?
2025-06-16T01:21:26.208+05:30 DEBUG 19372 --- [user-management-service] [           main] org.hibernate.SQL                        : 
    insert 
    into
        users
        (bank_account_number, bank_ifsc_code, business_address, business_name, created_at, email, enabled, first_name, is_seller, last_name, password, phone, updated_at, upi_id, version) 
    values
        (?, ?, ?, ?, ?, ?, ?, ?, ?, ?, ?, ?, ?, ?, ?)
Hibernate: 
    insert 
    into
        users
        (bank_account_number, bank_ifsc_code, business_address, business_name, created_at, email, enabled, first_name, is_seller, last_name, password, phone, updated_at, upi_id, version) 
    values
        (?, ?, ?, ?, ?, ?, ?, ?, ?, ?, ?, ?, ?, ?, ?)
2025-06-16T01:21:26.214+05:30 DEBUG 19372 --- [user-management-service] [           main] org.hibernate.SQL                        : 
    select
        u1_0.id,
        u1_0.bank_account_number,
        u1_0.bank_ifsc_code,
        u1_0.business_address,
        u1_0.business_name,
        u1_0.created_at,
        u1_0.email,
        u1_0.enabled,
        u1_0.first_name,
        u1_0.is_seller,
        u1_0.last_name,
        u1_0.password,
        u1_0.phone,
        u1_0.updated_at,
        u1_0.upi_id,
        u1_0.version 
    from
        users u1_0 
    where
        u1_0.email=?
Hibernate: 
    select
        u1_0.id,
        u1_0.bank_account_number,
        u1_0.bank_ifsc_code,
        u1_0.business_address,
        u1_0.business_name,
        u1_0.created_at,
        u1_0.email,
        u1_0.enabled,
        u1_0.first_name,
        u1_0.is_seller,
        u1_0.last_name,
        u1_0.password,
        u1_0.phone,
        u1_0.updated_at,
        u1_0.upi_id,
        u1_0.version 
    from
        users u1_0 
    where
        u1_0.email=?
2025-06-16T01:21:26.320+05:30 DEBUG 19372 --- [user-management-service] [           main] o.s.s.a.dao.DaoAuthenticationProvider    : Authenticated user

MockHttpServletRequest:
      HTTP Method = POST
      Request URI = /api/v1/auth/register
       Parameters = {}
          Headers = [Content-Type:"application/json;charset=UTF-8", Content-Length:"228"]
             Body = {"firstName":"Test","lastName":"User","email":"test@example.com","phone":"+1234567890","password":"password123","businessName":null,"businessAddress":null,"upiId":null,"bankAccountNumber":null,"bankIfscCode":null,"seller":false}
    Session Attrs = {}

Handler:
             Type = com.foodorder.usermanagement.controller.AuthController
           Method = com.foodorder.usermanagement.controller.AuthController#register(RegisterRequest)

Async:
    Async started = false
     Async result = null

Resolved Exception:
             Type = java.lang.ClassCastException

ModelAndView:
        View name = null
             View = null
            Model = null

FlashMap:
       Attributes = null

MockHttpServletResponse:
           Status = 500
    Error message = null
          Headers = [Vary:"Origin", "Access-Control-Request-Method", "Access-Control-Request-Headers", Content-Type:"application/json", X-Content-Type-Options:"nosniff", X-XSS-Protection:"0", Cache-Control:"no-cache, no-store, max-age=0, must-revalidate", Pragma:"no-cache", Expires:"0", X-Frame-Options:"DENY"]
     Content type = application/json
             Body = {"status":500,"message":"An unexpected error occurred: class org.springframework.security.core.userdetails.User cannot be cast to class com.foodorder.usermanagement.model.User (org.springframework.security.core.userdetails.User and com.foodorder.usermanagement.model.User are in unnamed module of loader 'app')","timestamp":"2025-06-16T01:21:26.3231568"}
    Forwarded URL = null
   Redirected URL = null
          Cookies = []
]]></system-out>
  </testcase>
</testsuite>