<?xml version="1.0" encoding="UTF-8"?>
<testsuite xmlns:xsi="http://www.w3.org/2001/XMLSchema-instance" xsi:noNamespaceSchemaLocation="https://maven.apache.org/surefire/maven-surefire-plugin/xsd/surefire-test-report-3.0.xsd" version="3.0" name="com.foodorder.usermanagement.service.UserServiceEdgeCaseTest" time="11.48" tests="11" errors="0" skipped="0" failures="0">
  <properties>
[...]
</properties>
  <testcase name="getAllUsers_ConcurrentAccess" classname="com.foodorder.usermanagement.service.UserServiceEdgeCaseTest" time="0.125">
    <system-out><![CDATA[2025-06-20T14:19:35.119+05:30  INFO 37792 --- [user-management-service] [           main] t.c.s.AnnotationConfigContextLoaderUtils : Could not detect default configuration classes for test class [com.foodorder.usermanagement.service.UserServiceEdgeCaseTest]: UserServiceEdgeCaseTest does not declare any static, non-private, non-final, nested classes annotated with @Configuration.
2025-06-20T14:19:35.276+05:30  INFO 37792 --- [user-management-service] [           main] .b.t.c.SpringBootTestContextBootstrapper : Found @SpringBootConfiguration com.foodorder.usermanagement.UserManagementApplication for test class com.foodorder.usermanagement.service.UserServiceEdgeCaseTest

  .   ____          _            __ _ _
 /\\ / ___'_ __ _ _(_)_ __  __ _ \ \ \ \
( ( )\___ | '_ | '_| | '_ \/ _` | \ \ \ \
 \\/  ___)| |_)| | | | | || (_| |  ) ) ) )
  '  |____| .__|_| |_|_| |_\__, | / / / /
 =========|_|==============|___/=/_/_/_/
 :: Spring Boot ::                (v3.2.3)

2025-06-20T14:19:35.495+05:30  INFO 37792 --- [user-management-service] [           main] c.f.u.service.UserServiceEdgeCaseTest    : Starting UserServiceEdgeCaseTest using Java 21.0.7 with PID 37792 (started by fredrick.gnanaraj in C:\Users\fredrick.gnanaraj\AI upskill\food order application)
2025-06-20T14:19:35.495+05:30 DEBUG 37792 --- [user-management-service] [           main] c.f.u.service.UserServiceEdgeCaseTest    : Running with Spring Boot v3.2.3, Spring v6.1.4
2025-06-20T14:19:35.495+05:30  INFO 37792 --- [user-management-service] [           main] c.f.u.service.UserServiceEdgeCaseTest    : The following 1 profile is active: "test"
2025-06-20T14:19:37.065+05:30  INFO 37792 --- [user-management-service] [           main] .s.d.r.c.RepositoryConfigurationDelegate : Bootstrapping Spring Data JPA repositories in DEFAULT mode.
2025-06-20T14:19:37.107+05:30  INFO 37792 --- [user-management-service] [           main] .s.d.r.c.RepositoryConfigurationDelegate : Finished Spring Data repository scanning in 41 ms. Found 3 JPA repository interfaces.
2025-06-20T14:19:37.242+05:30  INFO 37792 --- [user-management-service] [           main] o.hibernate.jpa.internal.util.LogHelper  : HHH000204: Processing PersistenceUnitInfo [name: default]
2025-06-20T14:19:37.247+05:30  INFO 37792 --- [user-management-service] [           main] o.h.c.internal.RegionFactoryInitiator    : HHH000026: Second-level cache disabled
2025-06-20T14:19:37.255+05:30  INFO 37792 --- [user-management-service] [           main] o.s.o.j.p.SpringPersistenceUnitInfo      : No LoadTimeWeaver setup: ignoring JPA class transformer
2025-06-20T14:19:37.256+05:30  INFO 37792 --- [user-management-service] [           main] com.zaxxer.hikari.HikariDataSource       : HikariPool-2 - Starting...
2025-06-20T14:19:37.271+05:30  INFO 37792 --- [user-management-service] [           main] tc.postgres:15-alpine                    : Creating container for image: postgres:15-alpine
2025-06-20T14:19:37.476+05:30  INFO 37792 --- [user-management-service] [           main] tc.postgres:15-alpine                    : Container postgres:15-alpine is starting: a61e73634b5a9f56f4a05b63094c5820329e26fe459e50464c76bff5f34a2242
2025-06-20T14:19:40.436+05:30  INFO 37792 --- [user-management-service] [           main] tc.postgres:15-alpine                    : Container postgres:15-alpine started in PT3.1644642S
2025-06-20T14:19:40.436+05:30  INFO 37792 --- [user-management-service] [           main] tc.postgres:15-alpine                    : Container is started (JDBC URL: jdbc:postgresql://localhost:60344/test?loggerLevel=OFF)
2025-06-20T14:19:40.475+05:30  INFO 37792 --- [user-management-service] [           main] com.zaxxer.hikari.pool.HikariPool        : HikariPool-2 - Added connection org.testcontainers.jdbc.ConnectionWrapper@4dd8a37e
2025-06-20T14:19:40.475+05:30  INFO 37792 --- [user-management-service] [           main] com.zaxxer.hikari.HikariDataSource       : HikariPool-2 - Start completed.
2025-06-20T14:19:40.481+05:30  WARN 37792 --- [user-management-service] [           main] org.hibernate.orm.deprecation            : HHH90000025: PostgreSQLDialect does not need to be specified explicitly using 'hibernate.dialect' (remove the property setting and it will be selected by default)
2025-06-20T14:19:40.574+05:30  INFO 37792 --- [user-management-service] [           main] o.h.e.t.j.p.i.JtaPlatformInitiator       : HHH000489: No JTA platform available (set 'hibernate.transaction.jta.platform' to enable JTA platform integration)
2025-06-20T14:19:40.574+05:30 DEBUG 37792 --- [user-management-service] [           main] org.hibernate.SQL                        : 
    alter table if exists refresh_tokens 
       drop constraint if exists FK1lih5y2npsf8u5o3vhdb9y0os
Hibernate: 
    alter table if exists refresh_tokens 
       drop constraint if exists FK1lih5y2npsf8u5o3vhdb9y0os
2025-06-20T14:19:40.576+05:30  WARN 37792 --- [user-management-service] [           main] o.h.engine.jdbc.spi.SqlExceptionHelper   : SQL Warning Code: 0, SQLState: 00000
2025-06-20T14:19:40.576+05:30  WARN 37792 --- [user-management-service] [           main] o.h.engine.jdbc.spi.SqlExceptionHelper   : relation "refresh_tokens" does not exist, skipping
2025-06-20T14:19:40.576+05:30 DEBUG 37792 --- [user-management-service] [           main] org.hibernate.SQL                        : 
    alter table if exists user_roles 
       drop constraint if exists FKh8ciramu9cc9q3qcqiv4ue8a6
Hibernate: 
    alter table if exists user_roles 
       drop constraint if exists FKh8ciramu9cc9q3qcqiv4ue8a6
2025-06-20T14:19:40.578+05:30  WARN 37792 --- [user-management-service] [           main] o.h.engine.jdbc.spi.SqlExceptionHelper   : SQL Warning Code: 0, SQLState: 00000
2025-06-20T14:19:40.578+05:30  WARN 37792 --- [user-management-service] [           main] o.h.engine.jdbc.spi.SqlExceptionHelper   : relation "user_roles" does not exist, skipping
2025-06-20T14:19:40.578+05:30 DEBUG 37792 --- [user-management-service] [           main] org.hibernate.SQL                        : 
    alter table if exists user_roles 
       drop constraint if exists FKhfh9dx7w3ubf1co1vdev94g3f
Hibernate: 
    alter table if exists user_roles 
       drop constraint if exists FKhfh9dx7w3ubf1co1vdev94g3f
2025-06-20T14:19:40.580+05:30  WARN 37792 --- [user-management-service] [           main] o.h.engine.jdbc.spi.SqlExceptionHelper   : SQL Warning Code: 0, SQLState: 00000
2025-06-20T14:19:40.580+05:30  WARN 37792 --- [user-management-service] [           main] o.h.engine.jdbc.spi.SqlExceptionHelper   : relation "user_roles" does not exist, skipping
2025-06-20T14:19:40.580+05:30 DEBUG 37792 --- [user-management-service] [           main] org.hibernate.SQL                        : 
    drop table if exists refresh_tokens cascade
Hibernate: 
    drop table if exists refresh_tokens cascade
2025-06-20T14:19:40.581+05:30  WARN 37792 --- [user-management-service] [           main] o.h.engine.jdbc.spi.SqlExceptionHelper   : SQL Warning Code: 0, SQLState: 00000
2025-06-20T14:19:40.582+05:30  WARN 37792 --- [user-management-service] [           main] o.h.engine.jdbc.spi.SqlExceptionHelper   : table "refresh_tokens" does not exist, skipping
2025-06-20T14:19:40.582+05:30 DEBUG 37792 --- [user-management-service] [           main] org.hibernate.SQL                        : 
    drop table if exists roles cascade
Hibernate: 
    drop table if exists roles cascade
2025-06-20T14:19:40.584+05:30  WARN 37792 --- [user-management-service] [           main] o.h.engine.jdbc.spi.SqlExceptionHelper   : SQL Warning Code: 0, SQLState: 00000
2025-06-20T14:19:40.584+05:30  WARN 37792 --- [user-management-service] [           main] o.h.engine.jdbc.spi.SqlExceptionHelper   : table "roles" does not exist, skipping
2025-06-20T14:19:40.584+05:30 DEBUG 37792 --- [user-management-service] [           main] org.hibernate.SQL                        : 
    drop table if exists user_roles cascade
Hibernate: 
    drop table if exists user_roles cascade
2025-06-20T14:19:40.586+05:30  WARN 37792 --- [user-management-service] [           main] o.h.engine.jdbc.spi.SqlExceptionHelper   : SQL Warning Code: 0, SQLState: 00000
2025-06-20T14:19:40.586+05:30  WARN 37792 --- [user-management-service] [           main] o.h.engine.jdbc.spi.SqlExceptionHelper   : table "user_roles" does not exist, skipping
2025-06-20T14:19:40.586+05:30 DEBUG 37792 --- [user-management-service] [           main] org.hibernate.SQL                        : 
    drop table if exists users cascade
Hibernate: 
    drop table if exists users cascade
2025-06-20T14:19:40.587+05:30  WARN 37792 --- [user-management-service] [           main] o.h.engine.jdbc.spi.SqlExceptionHelper   : SQL Warning Code: 0, SQLState: 00000
2025-06-20T14:19:40.587+05:30  WARN 37792 --- [user-management-service] [           main] o.h.engine.jdbc.spi.SqlExceptionHelper   : table "users" does not exist, skipping
2025-06-20T14:19:40.588+05:30 DEBUG 37792 --- [user-management-service] [           main] org.hibernate.SQL                        : 
    create table refresh_tokens (
        revoked boolean not null,
        created_at timestamp(6) not null,
        expiry_date timestamp(6) with time zone not null,
        id bigserial not null,
        updated_at timestamp(6) not null,
        user_id bigint unique,
        version bigint,
        token varchar(255) not null unique,
        primary key (id)
    )
Hibernate: 
    create table refresh_tokens (
        revoked boolean not null,
        created_at timestamp(6) not null,
        expiry_date timestamp(6) with time zone not null,
        id bigserial not null,
        updated_at timestamp(6) not null,
        user_id bigint unique,
        version bigint,
        token varchar(255) not null unique,
        primary key (id)
    )
2025-06-20T14:19:40.597+05:30 DEBUG 37792 --- [user-management-service] [           main] org.hibernate.SQL                        : 
    create table roles (
        created_at timestamp(6) not null,
        id bigserial not null,
        updated_at timestamp(6) not null,
        version bigint,
        description varchar(500),
        name varchar(255) not null unique check (name in ('ROLE_CUSTOMER','ROLE_SELLER','ROLE_ADMIN')),
        primary key (id)
    )
Hibernate: 
    create table roles (
        created_at timestamp(6) not null,
        id bigserial not null,
        updated_at timestamp(6) not null,
        version bigint,
        description varchar(500),
        name varchar(255) not null unique check (name in ('ROLE_CUSTOMER','ROLE_SELLER','ROLE_ADMIN')),
        primary key (id)
    )
2025-06-20T14:19:40.604+05:30 DEBUG 37792 --- [user-management-service] [           main] org.hibernate.SQL                        : 
    create table user_roles (
        role_id bigint not null,
        user_id bigint not null,
        primary key (role_id, user_id)
    )
Hibernate: 
    create table user_roles (
        role_id bigint not null,
        user_id bigint not null,
        primary key (role_id, user_id)
    )
2025-06-20T14:19:40.608+05:30 DEBUG 37792 --- [user-management-service] [           main] org.hibernate.SQL                        : 
    create table users (
        enabled boolean not null,
        is_active boolean,
        is_seller boolean,
        created_at timestamp(6) not null,
        id bigserial not null,
        updated_at timestamp(6) not null,
        version bigint,
        phone varchar(20) not null,
        first_name varchar(50) not null,
        last_name varchar(50) not null,
        email varchar(100) not null,
        password varchar(120) not null,
        bank_account_number varchar(255),
        bank_ifsc_code varchar(255),
        business_address varchar(255),
        business_name varchar(255),
        upi_id varchar(255),
        primary key (id),
        unique (email),
        unique (phone)
    )
Hibernate: 
    create table users (
        enabled boolean not null,
        is_active boolean,
        is_seller boolean,
        created_at timestamp(6) not null,
        id bigserial not null,
        updated_at timestamp(6) not null,
        version bigint,
        phone varchar(20) not null,
        first_name varchar(50) not null,
        last_name varchar(50) not null,
        email varchar(100) not null,
        password varchar(120) not null,
        bank_account_number varchar(255),
        bank_ifsc_code varchar(255),
        business_address varchar(255),
        business_name varchar(255),
        upi_id varchar(255),
        primary key (id),
        unique (email),
        unique (phone)
    )
2025-06-20T14:19:40.613+05:30 DEBUG 37792 --- [user-management-service] [           main] org.hibernate.SQL                        : 
    alter table if exists refresh_tokens 
       add constraint FK1lih5y2npsf8u5o3vhdb9y0os 
       foreign key (user_id) 
       references users
Hibernate: 
    alter table if exists refresh_tokens 
       add constraint FK1lih5y2npsf8u5o3vhdb9y0os 
       foreign key (user_id) 
       references users
2025-06-20T14:19:40.617+05:30 DEBUG 37792 --- [user-management-service] [           main] org.hibernate.SQL                        : 
    alter table if exists user_roles 
       add constraint FKh8ciramu9cc9q3qcqiv4ue8a6 
       foreign key (role_id) 
       references roles
Hibernate: 
    alter table if exists user_roles 
       add constraint FKh8ciramu9cc9q3qcqiv4ue8a6 
       foreign key (role_id) 
       references roles
2025-06-20T14:19:40.620+05:30 DEBUG 37792 --- [user-management-service] [           main] org.hibernate.SQL                        : 
    alter table if exists user_roles 
       add constraint FKhfh9dx7w3ubf1co1vdev94g3f 
       foreign key (user_id) 
       references users
Hibernate: 
    alter table if exists user_roles 
       add constraint FKhfh9dx7w3ubf1co1vdev94g3f 
       foreign key (user_id) 
       references users
2025-06-20T14:19:40.623+05:30  INFO 37792 --- [user-management-service] [           main] j.LocalContainerEntityManagerFactoryBean : Initialized JPA EntityManagerFactory for persistence unit 'default'
2025-06-20T14:19:40.822+05:30  WARN 37792 --- [user-management-service] [           main] JpaBaseConfiguration$JpaWebConfiguration : spring.jpa.open-in-view is enabled by default. Therefore, database queries may be performed during view rendering. Explicitly configure spring.jpa.open-in-view to disable this warning
2025-06-20T14:19:40.966+05:30  INFO 37792 --- [user-management-service] [           main] o.s.s.web.DefaultSecurityFilterChain     : Will secure any request with [org.springframework.security.web.session.DisableEncodeUrlFilter@4e637cdf, org.springframework.security.web.context.request.async.WebAsyncManagerIntegrationFilter@1d8ecabb, org.springframework.security.web.context.SecurityContextHolderFilter@2d148f03, org.springframework.security.web.header.HeaderWriterFilter@53055326, org.springframework.web.filter.CorsFilter@2f83346f, org.springframework.security.web.authentication.logout.LogoutFilter@6d77c929, com.foodorder.usermanagement.security.JwtAuthenticationFilter@1e2aa6d0, org.springframework.security.web.savedrequest.RequestCacheAwareFilter@4b0c67af, org.springframework.security.web.servletapi.SecurityContextHolderAwareRequestFilter@32e9818b, org.springframework.security.web.authentication.AnonymousAuthenticationFilter@3a95bc49, org.springframework.security.web.session.SessionManagementFilter@21cefc6d, org.springframework.security.web.access.ExceptionTranslationFilter@5126fb1d, org.springframework.security.web.access.intercept.AuthorizationFilter@3bf5ced8]
2025-06-20T14:19:41.174+05:30  INFO 37792 --- [user-management-service] [           main] c.f.u.service.UserServiceEdgeCaseTest    : Started UserServiceEdgeCaseTest in 5.886 seconds (process running for 96.971)
2025-06-20T14:19:41.219+05:30 DEBUG 37792 --- [user-management-service] [           main] org.hibernate.SQL                        : 
    select
        u1_0.id,
        u1_0.bank_account_number,
        u1_0.bank_ifsc_code,
        u1_0.business_address,
        u1_0.business_name,
        u1_0.created_at,
        u1_0.email,
        u1_0.enabled,
        u1_0.first_name,
        u1_0.is_active,
        u1_0.is_seller,
        u1_0.last_name,
        u1_0.password,
        u1_0.phone,
        u1_0.updated_at,
        u1_0.upi_id,
        u1_0.version 
    from
        users u1_0
Hibernate: 
    select
        u1_0.id,
        u1_0.bank_account_number,
        u1_0.bank_ifsc_code,
        u1_0.business_address,
        u1_0.business_name,
        u1_0.created_at,
        u1_0.email,
        u1_0.enabled,
        u1_0.first_name,
        u1_0.is_active,
        u1_0.is_seller,
        u1_0.last_name,
        u1_0.password,
        u1_0.phone,
        u1_0.updated_at,
        u1_0.upi_id,
        u1_0.version 
    from
        users u1_0
2025-06-20T14:19:41.237+05:30 DEBUG 37792 --- [user-management-service] [           main] org.hibernate.SQL                        : 
    insert 
    into
        users
        (bank_account_number, bank_ifsc_code, business_address, business_name, created_at, email, enabled, first_name, is_active, is_seller, last_name, password, phone, updated_at, upi_id, version) 
    values
        (?, ?, ?, ?, ?, ?, ?, ?, ?, ?, ?, ?, ?, ?, ?, ?)
Hibernate: 
    insert 
    into
        users
        (bank_account_number, bank_ifsc_code, business_address, business_name, created_at, email, enabled, first_name, is_active, is_seller, last_name, password, phone, updated_at, upi_id, version) 
    values
        (?, ?, ?, ?, ?, ?, ?, ?, ?, ?, ?, ?, ?, ?, ?, ?)
2025-06-20T14:19:41.244+05:30 DEBUG 37792 --- [user-management-service] [           main] org.hibernate.SQL                        : 
    insert 
    into
        users
        (bank_account_number, bank_ifsc_code, business_address, business_name, created_at, email, enabled, first_name, is_active, is_seller, last_name, password, phone, updated_at, upi_id, version) 
    values
        (?, ?, ?, ?, ?, ?, ?, ?, ?, ?, ?, ?, ?, ?, ?, ?)
Hibernate: 
    insert 
    into
        users
        (bank_account_number, bank_ifsc_code, business_address, business_name, created_at, email, enabled, first_name, is_active, is_seller, last_name, password, phone, updated_at, upi_id, version) 
    values
        (?, ?, ?, ?, ?, ?, ?, ?, ?, ?, ?, ?, ?, ?, ?, ?)
2025-06-20T14:19:41.250+05:30 DEBUG 37792 --- [user-management-service] [           main] org.hibernate.SQL                        : 
    insert 
    into
        users
        (bank_account_number, bank_ifsc_code, business_address, business_name, created_at, email, enabled, first_name, is_active, is_seller, last_name, password, phone, updated_at, upi_id, version) 
    values
        (?, ?, ?, ?, ?, ?, ?, ?, ?, ?, ?, ?, ?, ?, ?, ?)
Hibernate: 
    insert 
    into
        users
        (bank_account_number, bank_ifsc_code, business_address, business_name, created_at, email, enabled, first_name, is_active, is_seller, last_name, password, phone, updated_at, upi_id, version) 
    values
        (?, ?, ?, ?, ?, ?, ?, ?, ?, ?, ?, ?, ?, ?, ?, ?)
2025-06-20T14:19:41.255+05:30 DEBUG 37792 --- [user-management-service] [           main] org.hibernate.SQL                        : 
    insert 
    into
        users
        (bank_account_number, bank_ifsc_code, business_address, business_name, created_at, email, enabled, first_name, is_active, is_seller, last_name, password, phone, updated_at, upi_id, version) 
    values
        (?, ?, ?, ?, ?, ?, ?, ?, ?, ?, ?, ?, ?, ?, ?, ?)
Hibernate: 
    insert 
    into
        users
        (bank_account_number, bank_ifsc_code, business_address, business_name, created_at, email, enabled, first_name, is_active, is_seller, last_name, password, phone, updated_at, upi_id, version) 
    values
        (?, ?, ?, ?, ?, ?, ?, ?, ?, ?, ?, ?, ?, ?, ?, ?)
2025-06-20T14:19:41.259+05:30 DEBUG 37792 --- [user-management-service] [           main] org.hibernate.SQL                        : 
    insert 
    into
        users
        (bank_account_number, bank_ifsc_code, business_address, business_name, created_at, email, enabled, first_name, is_active, is_seller, last_name, password, phone, updated_at, upi_id, version) 
    values
        (?, ?, ?, ?, ?, ?, ?, ?, ?, ?, ?, ?, ?, ?, ?, ?)
Hibernate: 
    insert 
    into
        users
        (bank_account_number, bank_ifsc_code, business_address, business_name, created_at, email, enabled, first_name, is_active, is_seller, last_name, password, phone, updated_at, upi_id, version) 
    values
        (?, ?, ?, ?, ?, ?, ?, ?, ?, ?, ?, ?, ?, ?, ?, ?)
2025-06-20T14:19:41.277+05:30 DEBUG 37792 --- [user-management-service] [pool-3-thread-1] org.hibernate.SQL                        : 
    select
        u1_0.id,
        u1_0.bank_account_number,
        u1_0.bank_ifsc_code,
        u1_0.business_address,
        u1_0.business_name,
        u1_0.created_at,
        u1_0.email,
        u1_0.enabled,
        u1_0.first_name,
        u1_0.is_active,
        u1_0.is_seller,
        u1_0.last_name,
        u1_0.password,
        u1_0.phone,
        u1_0.updated_at,
        u1_0.upi_id,
        u1_0.version 
    from
        users u1_0
Hibernate: 
    select
        u1_0.id,
        u1_0.bank_account_number,
        u1_0.bank_ifsc_code,
        u1_0.business_address,
        u1_0.business_name,
        u1_0.created_at,
        u1_0.email,
        u1_0.enabled,
        u1_0.first_name,
        u1_0.is_active,
        u1_0.is_seller,
        u1_0.last_name,
        u1_0.password,
        u1_0.phone,
        u1_0.updated_at,
        u1_0.upi_id,
        u1_0.version 
    from
        users u1_0
2025-06-20T14:19:41.277+05:30 DEBUG 37792 --- [user-management-service] [pool-3-thread-9] org.hibernate.SQL                        : 
    select
        u1_0.id,
        u1_0.bank_account_number,
        u1_0.bank_ifsc_code,
        u1_0.business_address,
        u1_0.business_name,
        u1_0.created_at,
        u1_0.email,
        u1_0.enabled,
        u1_0.first_name,
        u1_0.is_active,
        u1_0.is_seller,
        u1_0.last_name,
        u1_0.password,
        u1_0.phone,
        u1_0.updated_at,
        u1_0.upi_id,
        u1_0.version 
    from
        users u1_0
Hibernate: 
    select
        u1_0.id,
        u1_0.bank_account_number,
        u1_0.bank_ifsc_code,
        u1_0.business_address,
        u1_0.business_name,
        u1_0.created_at,
        u1_0.email,
        u1_0.enabled,
        u1_0.first_name,
        u1_0.is_active,
        u1_0.is_seller,
        u1_0.last_name,
        u1_0.password,
        u1_0.phone,
        u1_0.updated_at,
        u1_0.upi_id,
        u1_0.version 
    from
        users u1_0
2025-06-20T14:19:41.278+05:30 DEBUG 37792 --- [user-management-service] [pool-3-thread-5] org.hibernate.SQL                        : 
    select
        u1_0.id,
        u1_0.bank_account_number,
        u1_0.bank_ifsc_code,
        u1_0.business_address,
        u1_0.business_name,
        u1_0.created_at,
        u1_0.email,
        u1_0.enabled,
        u1_0.first_name,
        u1_0.is_active,
        u1_0.is_seller,
        u1_0.last_name,
        u1_0.password,
        u1_0.phone,
        u1_0.updated_at,
        u1_0.upi_id,
        u1_0.version 
    from
        users u1_0
2025-06-20T14:19:41.278+05:30 DEBUG 37792 --- [user-management-service] [pool-3-thread-4] org.hibernate.SQL                        : 
    select
        u1_0.id,
        u1_0.bank_account_number,
        u1_0.bank_ifsc_code,
        u1_0.business_address,
        u1_0.business_name,
        u1_0.created_at,
        u1_0.email,
        u1_0.enabled,
        u1_0.first_name,
        u1_0.is_active,
        u1_0.is_seller,
        u1_0.last_name,
        u1_0.password,
        u1_0.phone,
        u1_0.updated_at,
        u1_0.upi_id,
        u1_0.version 
    from
        users u1_0
Hibernate: 
    select
        u1_0.id,
        u1_0.bank_account_number,
        u1_0.bank_ifsc_code,
        u1_0.business_address,
        u1_0.business_name,
        u1_0.created_at,
        u1_0.email,
        u1_0.enabled,
        u1_0.first_name,
        u1_0.is_active,
        u1_0.is_seller,
        u1_0.last_name,
        u1_0.password,
        u1_0.phone,
        u1_0.updated_at,
        u1_0.upi_id,
        u1_0.version 
    from
        users u1_0
Hibernate: 
    select
        u1_0.id,
        u1_0.bank_account_number,
        u1_0.bank_ifsc_code,
        u1_0.business_address,
        u1_0.business_name,
        u1_0.created_at,
        u1_0.email,
        u1_0.enabled,
        u1_0.first_name,
        u1_0.is_active,
        u1_0.is_seller,
        u1_0.last_name,
        u1_0.password,
        u1_0.phone,
        u1_0.updated_at,
        u1_0.upi_id,
        u1_0.version 
    from
        users u1_0
2025-06-20T14:19:41.278+05:30 DEBUG 37792 --- [user-management-service] [ool-3-thread-10] org.hibernate.SQL                        : 
    select
        u1_0.id,
        u1_0.bank_account_number,
        u1_0.bank_ifsc_code,
        u1_0.business_address,
        u1_0.business_name,
        u1_0.created_at,
        u1_0.email,
        u1_0.enabled,
        u1_0.first_name,
        u1_0.is_active,
        u1_0.is_seller,
        u1_0.last_name,
        u1_0.password,
        u1_0.phone,
        u1_0.updated_at,
        u1_0.upi_id,
        u1_0.version 
    from
        users u1_0
Hibernate: 
    select
        u1_0.id,
        u1_0.bank_account_number,
        u1_0.bank_ifsc_code,
        u1_0.business_address,
        u1_0.business_name,
        u1_0.created_at,
        u1_0.email,
        u1_0.enabled,
        u1_0.first_name,
        u1_0.is_active,
        u1_0.is_seller,
        u1_0.last_name,
        u1_0.password,
        u1_0.phone,
        u1_0.updated_at,
        u1_0.upi_id,
        u1_0.version 
    from
        users u1_0
2025-06-20T14:19:41.278+05:30 DEBUG 37792 --- [user-management-service] [pool-3-thread-6] org.hibernate.SQL                        : 
    select
        u1_0.id,
        u1_0.bank_account_number,
        u1_0.bank_ifsc_code,
        u1_0.business_address,
        u1_0.business_name,
        u1_0.created_at,
        u1_0.email,
        u1_0.enabled,
        u1_0.first_name,
        u1_0.is_active,
        u1_0.is_seller,
        u1_0.last_name,
        u1_0.password,
        u1_0.phone,
        u1_0.updated_at,
        u1_0.upi_id,
        u1_0.version 
    from
        users u1_0
2025-06-20T14:19:41.278+05:30 DEBUG 37792 --- [user-management-service] [pool-3-thread-3] org.hibernate.SQL                        : 
    select
        u1_0.id,
        u1_0.bank_account_number,
        u1_0.bank_ifsc_code,
        u1_0.business_address,
        u1_0.business_name,
        u1_0.created_at,
        u1_0.email,
        u1_0.enabled,
        u1_0.first_name,
        u1_0.is_active,
        u1_0.is_seller,
        u1_0.last_name,
        u1_0.password,
        u1_0.phone,
        u1_0.updated_at,
        u1_0.upi_id,
        u1_0.version 
    from
        users u1_0
Hibernate: 
    select
        u1_0.id,
        u1_0.bank_account_number,
        u1_0.bank_ifsc_code,
        u1_0.business_address,
        u1_0.business_name,
        u1_0.created_at,
        u1_0.email,
        u1_0.enabled,
        u1_0.first_name,
        u1_0.is_active,
        u1_0.is_seller,
        u1_0.last_name,
        u1_0.password,
        u1_0.phone,
        u1_0.updated_at,
        u1_0.upi_id,
        u1_0.version 
    from
        users u1_0
Hibernate: 
    select
        u1_0.id,
        u1_0.bank_account_number,
        u1_0.bank_ifsc_code,
        u1_0.business_address,
        u1_0.business_name,
        u1_0.created_at,
        u1_0.email,
        u1_0.enabled,
        u1_0.first_name,
        u1_0.is_active,
        u1_0.is_seller,
        u1_0.last_name,
        u1_0.password,
        u1_0.phone,
        u1_0.updated_at,
        u1_0.upi_id,
        u1_0.version 
    from
        users u1_0
2025-06-20T14:19:41.278+05:30 DEBUG 37792 --- [user-management-service] [pool-3-thread-8] org.hibernate.SQL                        : 
    select
        u1_0.id,
        u1_0.bank_account_number,
        u1_0.bank_ifsc_code,
        u1_0.business_address,
        u1_0.business_name,
        u1_0.created_at,
        u1_0.email,
        u1_0.enabled,
        u1_0.first_name,
        u1_0.is_active,
        u1_0.is_seller,
        u1_0.last_name,
        u1_0.password,
        u1_0.phone,
        u1_0.updated_at,
        u1_0.upi_id,
        u1_0.version 
    from
        users u1_0
Hibernate: 
    select
        u1_0.id,
        u1_0.bank_account_number,
        u1_0.bank_ifsc_code,
        u1_0.business_address,
        u1_0.business_name,
        u1_0.created_at,
        u1_0.email,
        u1_0.enabled,
        u1_0.first_name,
        u1_0.is_active,
        u1_0.is_seller,
        u1_0.last_name,
        u1_0.password,
        u1_0.phone,
        u1_0.updated_at,
        u1_0.upi_id,
        u1_0.version 
    from
        users u1_0
2025-06-20T14:19:41.279+05:30 DEBUG 37792 --- [user-management-service] [pool-3-thread-2] org.hibernate.SQL                        : 
    select
        u1_0.id,
        u1_0.bank_account_number,
        u1_0.bank_ifsc_code,
        u1_0.business_address,
        u1_0.business_name,
        u1_0.created_at,
        u1_0.email,
        u1_0.enabled,
        u1_0.first_name,
        u1_0.is_active,
        u1_0.is_seller,
        u1_0.last_name,
        u1_0.password,
        u1_0.phone,
        u1_0.updated_at,
        u1_0.upi_id,
        u1_0.version 
    from
        users u1_0
Hibernate: 
    select
        u1_0.id,
        u1_0.bank_account_number,
        u1_0.bank_ifsc_code,
        u1_0.business_address,
        u1_0.business_name,
        u1_0.created_at,
        u1_0.email,
        u1_0.enabled,
        u1_0.first_name,
        u1_0.is_active,
        u1_0.is_seller,
        u1_0.last_name,
        u1_0.password,
        u1_0.phone,
        u1_0.updated_at,
        u1_0.upi_id,
        u1_0.version 
    from
        users u1_0
2025-06-20T14:19:41.297+05:30 DEBUG 37792 --- [user-management-service] [pool-3-thread-7] org.hibernate.SQL                        : 
    select
        u1_0.id,
        u1_0.bank_account_number,
        u1_0.bank_ifsc_code,
        u1_0.business_address,
        u1_0.business_name,
        u1_0.created_at,
        u1_0.email,
        u1_0.enabled,
        u1_0.first_name,
        u1_0.is_active,
        u1_0.is_seller,
        u1_0.last_name,
        u1_0.password,
        u1_0.phone,
        u1_0.updated_at,
        u1_0.upi_id,
        u1_0.version 
    from
        users u1_0
Hibernate: 
    select
        u1_0.id,
        u1_0.bank_account_number,
        u1_0.bank_ifsc_code,
        u1_0.business_address,
        u1_0.business_name,
        u1_0.created_at,
        u1_0.email,
        u1_0.enabled,
        u1_0.first_name,
        u1_0.is_active,
        u1_0.is_seller,
        u1_0.last_name,
        u1_0.password,
        u1_0.phone,
        u1_0.updated_at,
        u1_0.upi_id,
        u1_0.version 
    from
        users u1_0
]]></system-out>
  </testcase>
  <testcase name="getAllUsers_SpecialCharacters" classname="com.foodorder.usermanagement.service.UserServiceEdgeCaseTest" time="0.109">
    <system-out><![CDATA[2025-06-20T14:19:41.336+05:30 DEBUG 37792 --- [user-management-service] [           main] org.hibernate.SQL                        : 
    select
        u1_0.id,
        u1_0.bank_account_number,
        u1_0.bank_ifsc_code,
        u1_0.business_address,
        u1_0.business_name,
        u1_0.created_at,
        u1_0.email,
        u1_0.enabled,
        u1_0.first_name,
        u1_0.is_active,
        u1_0.is_seller,
        u1_0.last_name,
        u1_0.password,
        u1_0.phone,
        u1_0.updated_at,
        u1_0.upi_id,
        u1_0.version 
    from
        users u1_0
Hibernate: 
    select
        u1_0.id,
        u1_0.bank_account_number,
        u1_0.bank_ifsc_code,
        u1_0.business_address,
        u1_0.business_name,
        u1_0.created_at,
        u1_0.email,
        u1_0.enabled,
        u1_0.first_name,
        u1_0.is_active,
        u1_0.is_seller,
        u1_0.last_name,
        u1_0.password,
        u1_0.phone,
        u1_0.updated_at,
        u1_0.upi_id,
        u1_0.version 
    from
        users u1_0
2025-06-20T14:19:41.402+05:30 DEBUG 37792 --- [user-management-service] [           main] org.hibernate.SQL                        : 
    insert 
    into
        users
        (bank_account_number, bank_ifsc_code, business_address, business_name, created_at, email, enabled, first_name, is_active, is_seller, last_name, password, phone, updated_at, upi_id, version) 
    values
        (?, ?, ?, ?, ?, ?, ?, ?, ?, ?, ?, ?, ?, ?, ?, ?)
Hibernate: 
    insert 
    into
        users
        (bank_account_number, bank_ifsc_code, business_address, business_name, created_at, email, enabled, first_name, is_active, is_seller, last_name, password, phone, updated_at, upi_id, version) 
    values
        (?, ?, ?, ?, ?, ?, ?, ?, ?, ?, ?, ?, ?, ?, ?, ?)
2025-06-20T14:19:41.413+05:30 DEBUG 37792 --- [user-management-service] [           main] org.hibernate.SQL                        : 
    insert 
    into
        users
        (bank_account_number, bank_ifsc_code, business_address, business_name, created_at, email, enabled, first_name, is_active, is_seller, last_name, password, phone, updated_at, upi_id, version) 
    values
        (?, ?, ?, ?, ?, ?, ?, ?, ?, ?, ?, ?, ?, ?, ?, ?)
Hibernate: 
    insert 
    into
        users
        (bank_account_number, bank_ifsc_code, business_address, business_name, created_at, email, enabled, first_name, is_active, is_seller, last_name, password, phone, updated_at, upi_id, version) 
    values
        (?, ?, ?, ?, ?, ?, ?, ?, ?, ?, ?, ?, ?, ?, ?, ?)
2025-06-20T14:19:41.422+05:30 DEBUG 37792 --- [user-management-service] [           main] org.hibernate.SQL                        : 
    select
        u1_0.id,
        u1_0.bank_account_number,
        u1_0.bank_ifsc_code,
        u1_0.business_address,
        u1_0.business_name,
        u1_0.created_at,
        u1_0.email,
        u1_0.enabled,
        u1_0.first_name,
        u1_0.is_active,
        u1_0.is_seller,
        u1_0.last_name,
        u1_0.password,
        u1_0.phone,
        u1_0.updated_at,
        u1_0.upi_id,
        u1_0.version 
    from
        users u1_0
Hibernate: 
    select
        u1_0.id,
        u1_0.bank_account_number,
        u1_0.bank_ifsc_code,
        u1_0.business_address,
        u1_0.business_name,
        u1_0.created_at,
        u1_0.email,
        u1_0.enabled,
        u1_0.first_name,
        u1_0.is_active,
        u1_0.is_seller,
        u1_0.last_name,
        u1_0.password,
        u1_0.phone,
        u1_0.updated_at,
        u1_0.upi_id,
        u1_0.version 
    from
        users u1_0
]]></system-out>
  </testcase>
  <testcase name="getAllUsers_LargeDataset" classname="com.foodorder.usermanagement.service.UserServiceEdgeCaseTest" time="4.879">
    <system-out><![CDATA[2025-06-20T14:19:41.445+05:30 DEBUG 37792 --- [user-management-service] [           main] org.hibernate.SQL                        : 
    select
        u1_0.id,
        u1_0.bank_account_number,
        u1_0.bank_ifsc_code,
        u1_0.business_address,
        u1_0.business_name,
        u1_0.created_at,
        u1_0.email,
        u1_0.enabled,
        u1_0.first_name,
        u1_0.is_active,
        u1_0.is_seller,
        u1_0.last_name,
        u1_0.password,
        u1_0.phone,
        u1_0.updated_at,
        u1_0.upi_id,
        u1_0.version 
    from
        users u1_0
Hibernate: 
    select
        u1_0.id,
        u1_0.bank_account_number,
        u1_0.bank_ifsc_code,
        u1_0.business_address,
        u1_0.business_name,
        u1_0.created_at,
        u1_0.email,
        u1_0.enabled,
        u1_0.first_name,
        u1_0.is_active,
        u1_0.is_seller,
        u1_0.last_name,
        u1_0.password,
        u1_0.phone,
        u1_0.updated_at,
        u1_0.upi_id,
        u1_0.version 
    from
        users u1_0
2025-06-20T14:19:41.454+05:30 DEBUG 37792 --- [user-management-service] [           main] org.hibernate.SQL                        : 
    insert 
    into
        users
        (bank_account_number, bank_ifsc_code, business_address, business_name, created_at, email, enabled, first_name, is_active, is_seller, last_name, password, phone, updated_at, upi_id, version) 
    values
        (?, ?, ?, ?, ?, ?, ?, ?, ?, ?, ?, ?, ?, ?, ?, ?)
Hibernate: 
    insert 
    into
        users
        (bank_account_number, bank_ifsc_code, business_address, business_name, created_at, email, enabled, first_name, is_active, is_seller, last_name, password, phone, updated_at, upi_id, version) 
    values
        (?, ?, ?, ?, ?, ?, ?, ?, ?, ?, ?, ?, ?, ?, ?, ?)
2025-06-20T14:19:41.461+05:30 DEBUG 37792 --- [user-management-service] [           main] org.hibernate.SQL                        : 
    insert 
    into
        users
        (bank_account_number, bank_ifsc_code, business_address, business_name, created_at, email, enabled, first_name, is_active, is_seller, last_name, password, phone, updated_at, upi_id, version) 
    values
        (?, ?, ?, ?, ?, ?, ?, ?, ?, ?, ?, ?, ?, ?, ?, ?)
Hibernate: 
    insert 
    into
        users
        (bank_account_number, bank_ifsc_code, business_address, business_name, created_at, email, enabled, first_name, is_active, is_seller, last_name, password, phone, updated_at, upi_id, version) 
    values
        (?, ?, ?, ?, ?, ?, ?, ?, ?, ?, ?, ?, ?, ?, ?, ?)
2025-06-20T14:19:41.469+05:30 DEBUG 37792 --- [user-management-service] [           main] org.hibernate.SQL                        : 
    insert 
    into
        users
        (bank_account_number, bank_ifsc_code, business_address, business_name, created_at, email, enabled, first_name, is_active, is_seller, last_name, password, phone, updated_at, upi_id, version) 
    values
        (?, ?, ?, ?, ?, ?, ?, ?, ?, ?, ?, ?, ?, ?, ?, ?)
Hibernate: 
    insert 
    into
        users
        (bank_account_number, bank_ifsc_code, business_address, business_name, created_at, email, enabled, first_name, is_active, is_seller, last_name, password, phone, updated_at, upi_id, version) 
    values
        (?, ?, ?, ?, ?, ?, ?, ?, ?, ?, ?, ?, ?, ?, ?, ?)
2025-06-20T14:19:41.477+05:30 DEBUG 37792 --- [user-management-service] [           main] org.hibernate.SQL                        : 
    insert 
    into
        users
        (bank_account_number, bank_ifsc_code, business_address, business_name, created_at, email, enabled, first_name, is_active, is_seller, last_name, password, phone, updated_at, upi_id, version) 
    values
        (?, ?, ?, ?, ?, ?, ?, ?, ?, ?, ?, ?, ?, ?, ?, ?)
Hibernate: 
    insert 
    into
        users
        (bank_account_number, bank_ifsc_code, business_address, business_name, created_at, email, enabled, first_name, is_active, is_seller, last_name, password, phone, updated_at, upi_id, version) 
    values
        (?, ?, ?, ?, ?, ?, ?, ?, ?, ?, ?, ?, ?, ?, ?, ?)
2025-06-20T14:19:41.484+05:30 DEBUG 37792 --- [user-management-service] [           main] org.hibernate.SQL                        : 
    insert 
    into
        users
        (bank_account_number, bank_ifsc_code, business_address, business_name, created_at, email, enabled, first_name, is_active, is_seller, last_name, password, phone, updated_at, upi_id, version) 
    values
        (?, ?, ?, ?, ?, ?, ?, ?, ?, ?, ?, ?, ?, ?, ?, ?)
Hibernate: 
    insert 
    into
        users
        (bank_account_number, bank_ifsc_code, business_address, business_name, created_at, email, enabled, first_name, is_active, is_seller, last_name, password, phone, updated_at, upi_id, version) 
    values
        (?, ?, ?, ?, ?, ?, ?, ?, ?, ?, ?, ?, ?, ?, ?, ?)
2025-06-20T14:19:41.491+05:30 DEBUG 37792 --- [user-management-service] [           main] org.hibernate.SQL                        : 
    insert 
    into
        users
        (bank_account_number, bank_ifsc_code, business_address, business_name, created_at, email, enabled, first_name, is_active, is_seller, last_name, password, phone, updated_at, upi_id, version) 
    values
        (?, ?, ?, ?, ?, ?, ?, ?, ?, ?, ?, ?, ?, ?, ?, ?)
Hibernate: 
    insert 
    into
        users
        (bank_account_number, bank_ifsc_code, business_address, business_name, created_at, email, enabled, first_name, is_active, is_seller, last_name, password, phone, updated_at, upi_id, version) 
    values
        (?, ?, ?, ?, ?, ?, ?, ?, ?, ?, ?, ?, ?, ?, ?, ?)
2025-06-20T14:19:41.500+05:30 DEBUG 37792 --- [user-management-service] [           main] org.hibernate.SQL                        : 
    insert 
    into
        users
        (bank_account_number, bank_ifsc_code, business_address, business_name, created_at, email, enabled, first_name, is_active, is_seller, last_name, password, phone, updated_at, upi_id, version) 
    values
        (?, ?, ?, ?, ?, ?, ?, ?, ?, ?, ?, ?, ?, ?, ?, ?)
Hibernate: 
    insert 
    into
        users
        (bank_account_number, bank_ifsc_code, business_address, business_name, created_at, email, enabled, first_name, is_active, is_seller, last_name, password, phone, updated_at, upi_id, version) 
    values
        (?, ?, ?, ?, ?, ?, ?, ?, ?, ?, ?, ?, ?, ?, ?, ?)
2025-06-20T14:19:41.509+05:30 DEBUG 37792 --- [user-management-service] [           main] org.hibernate.SQL                        : 
    insert 
    into
        users
        (bank_account_number, bank_ifsc_code, business_address, business_name, created_at, email, enabled, first_name, is_active, is_seller, last_name, password, phone, updated_at, upi_id, version) 
    values
        (?, ?, ?, ?, ?, ?, ?, ?, ?, ?, ?, ?, ?, ?, ?, ?)
Hibernate: 
    insert 
    into
        users
        (bank_account_number, bank_ifsc_code, business_address, business_name, created_at, email, enabled, first_name, is_active, is_seller, last_name, password, phone, updated_at, upi_id, version) 
    values
        (?, ?, ?, ?, ?, ?, ?, ?, ?, ?, ?, ?, ?, ?, ?, ?)
2025-06-20T14:19:41.517+05:30 DEBUG 37792 --- [user-management-service] [           main] org.hibernate.SQL                        : 
    insert 
    into
        users
        (bank_account_number, bank_ifsc_code, business_address, business_name, created_at, email, enabled, first_name, is_active, is_seller, last_name, password, phone, updated_at, upi_id, version) 
    values
        (?, ?, ?, ?, ?, ?, ?, ?, ?, ?, ?, ?, ?, ?, ?, ?)
Hibernate: 
    insert 
    into
        users
        (bank_account_number, bank_ifsc_code, business_address, business_name, created_at, email, enabled, first_name, is_active, is_seller, last_name, password, phone, updated_at, upi_id, version) 
    values
        (?, ?, ?, ?, ?, ?, ?, ?, ?, ?, ?, ?, ?, ?, ?, ?)
2025-06-20T14:19:41.525+05:30 DEBUG 37792 --- [user-management-service] [           main] org.hibernate.SQL                        : 
    insert 
    into
        users
        (bank_account_number, bank_ifsc_code, business_address, business_name, created_at, email, enabled, first_name, is_active, is_seller, last_name, password, phone, updated_at, upi_id, version) 
    values
        (?, ?, ?, ?, ?, ?, ?, ?, ?, ?, ?, ?, ?, ?, ?, ?)
Hibernate: 
    insert 
    into
        users
        (bank_account_number, bank_ifsc_code, business_address, business_name, created_at, email, enabled, first_name, is_active, is_seller, last_name, password, phone, updated_at, upi_id, version) 
    values
        (?, ?, ?, ?, ?, ?, ?, ?, ?, ?, ?, ?, ?, ?, ?, ?)
2025-06-20T14:19:41.533+05:30 DEBUG 37792 --- [user-management-service] [           main] org.hibernate.SQL                        : 
    insert 
    into
        users
        (bank_account_number, bank_ifsc_code, business_address, business_name, created_at, email, enabled, first_name, is_active, is_seller, last_name, password, phone, updated_at, upi_id, version) 
    values
        (?, ?, ?, ?, ?, ?, ?, ?, ?, ?, ?, ?, ?, ?, ?, ?)
Hibernate: 
    insert 
    into
        users
        (bank_account_number, bank_ifsc_code, business_address, business_name, created_at, email, enabled, first_name, is_active, is_seller, last_name, password, phone, updated_at, upi_id, version) 
    values
        (?, ?, ?, ?, ?, ?, ?, ?, ?, ?, ?, ?, ?, ?, ?, ?)
2025-06-20T14:19:41.538+05:30 DEBUG 37792 --- [user-management-service] [           main] org.hibernate.SQL                        : 
    insert 
    into
        users
        (bank_account_number, bank_ifsc_code, business_address, business_name, created_at, email, enabled, first_name, is_active, is_seller, last_name, password, phone, updated_at, upi_id, version) 
    values
        (?, ?, ?, ?, ?, ?, ?, ?, ?, ?, ?, ?, ?, ?, ?, ?)
Hibernate: 
    insert 
    into
        users
        (bank_account_number, bank_ifsc_code, business_address, business_name, created_at, email, enabled, first_name, is_active, is_seller, last_name, password, phone, updated_at, upi_id, version) 
    values
        (?, ?, ?, ?, ?, ?, ?, ?, ?, ?, ?, ?, ?, ?, ?, ?)
2025-06-20T14:19:41.546+05:30 DEBUG 37792 --- [user-management-service] [           main] org.hibernate.SQL                        : 
    insert 
    into
        users
        (bank_account_number, bank_ifsc_code, business_address, business_name, created_at, email, enabled, first_name, is_active, is_seller, last_name, password, phone, updated_at, upi_id, version) 
    values
        (?, ?, ?, ?, ?, ?, ?, ?, ?, ?, ?, ?, ?, ?, ?, ?)
Hibernate: 
    insert 
    into
        users
        (bank_account_number, bank_ifsc_code, business_address, business_name, created_at, email, enabled, first_name, is_active, is_seller, last_name, password, phone, updated_at, upi_id, version) 
    values
        (?, ?, ?, ?, ?, ?, ?, ?, ?, ?, ?, ?, ?, ?, ?, ?)
2025-06-20T14:19:41.552+05:30 DEBUG 37792 --- [user-management-service] [           main] org.hibernate.SQL                        : 
    insert 
    into
        users
        (bank_account_number, bank_ifsc_code, business_address, business_name, created_at, email, enabled, first_name, is_active, is_seller, last_name, password, phone, updated_at, upi_id, version) 
    values
        (?, ?, ?, ?, ?, ?, ?, ?, ?, ?, ?, ?, ?, ?, ?, ?)
Hibernate: 
    insert 
    into
        users
        (bank_account_number, bank_ifsc_code, business_address, business_name, created_at, email, enabled, first_name, is_active, is_seller, last_name, password, phone, updated_at, upi_id, version) 
    values
        (?, ?, ?, ?, ?, ?, ?, ?, ?, ?, ?, ?, ?, ?, ?, ?)
2025-06-20T14:19:41.558+05:30 DEBUG 37792 --- [user-management-service] [           main] org.hibernate.SQL                        : 
    insert 
    into
        users
        (bank_account_number, bank_ifsc_code, business_address, business_name, created_at, email, enabled, first_name, is_active, is_seller, last_name, password, phone, updated_at, upi_id, version) 
    values
        (?, ?, ?, ?, ?, ?, ?, ?, ?, ?, ?, ?, ?, ?, ?, ?)
Hibernate: 
    insert 
    into
        users
        (bank_account_number, bank_ifsc_code, business_address, business_name, created_at, email, enabled, first_name, is_active, is_seller, last_name, password, phone, updated_at, upi_id, version) 
    values
        (?, ?, ?, ?, ?, ?, ?, ?, ?, ?, ?, ?, ?, ?, ?, ?)
2025-06-20T14:19:41.564+05:30 DEBUG 37792 --- [user-management-service] [           main] org.hibernate.SQL                        : 
    insert 
    into
        users
        (bank_account_number, bank_ifsc_code, business_address, business_name, created_at, email, enabled, first_name, is_active, is_seller, last_name, password, phone, updated_at, upi_id, version) 
    values
        (?, ?, ?, ?, ?, ?, ?, ?, ?, ?, ?, ?, ?, ?, ?, ?)
Hibernate: 
    insert 
    into
        users
        (bank_account_number, bank_ifsc_code, business_address, business_name, created_at, email, enabled, first_name, is_active, is_seller, last_name, password, phone, updated_at, upi_id, version) 
    values
        (?, ?, ?, ?, ?, ?, ?, ?, ?, ?, ?, ?, ?, ?, ?, ?)
2025-06-20T14:19:41.570+05:30 DEBUG 37792 --- [user-management-service] [           main] org.hibernate.SQL                        : 
    insert 
    into
        users
        (bank_account_number, bank_ifsc_code, business_address, business_name, created_at, email, enabled, first_name, is_active, is_seller, last_name, password, phone, updated_at, upi_id, version) 
    values
        (?, ?, ?, ?, ?, ?, ?, ?, ?, ?, ?, ?, ?, ?, ?, ?)
Hibernate: 
    insert 
    into
        users
        (bank_account_number, bank_ifsc_code, business_address, business_name, created_at, email, enabled, first_name, is_active, is_seller, last_name, password, phone, updated_at, upi_id, version) 
    values
        (?, ?, ?, ?, ?, ?, ?, ?, ?, ?, ?, ?, ?, ?, ?, ?)
2025-06-20T14:19:41.575+05:30 DEBUG 37792 --- [user-management-service] [           main] org.hibernate.SQL                        : 
    insert 
    into
        users
        (bank_account_number, bank_ifsc_code, business_address, business_name, created_at, email, enabled, first_name, is_active, is_seller, last_name, password, phone, updated_at, upi_id, version) 
    values
        (?, ?, ?, ?, ?, ?, ?, ?, ?, ?, ?, ?, ?, ?, ?, ?)
Hibernate: 
    insert 
    into
        users
        (bank_account_number, bank_ifsc_code, business_address, business_name, created_at, email, enabled, first_name, is_active, is_seller, last_name, password, phone, updated_at, upi_id, version) 
    values
        (?, ?, ?, ?, ?, ?, ?, ?, ?, ?, ?, ?, ?, ?, ?, ?)
2025-06-20T14:19:41.580+05:30 DEBUG 37792 --- [user-management-service] [           main] org.hibernate.SQL                        : 
    insert 
    into
        users
        (bank_account_number, bank_ifsc_code, business_address, business_name, created_at, email, enabled, first_name, is_active, is_seller, last_name, password, phone, updated_at, upi_id, version) 
    values
        (?, ?, ?, ?, ?, ?, ?, ?, ?, ?, ?, ?, ?, ?, ?, ?)
Hibernate: 
    insert 
    into
        users
        (bank_account_number, bank_ifsc_code, business_address, business_name, created_at, email, enabled, first_name, is_active, is_seller, last_name, password, phone, updated_at, upi_id, version) 
    values
        (?, ?, ?, ?, ?, ?, ?, ?, ?, ?, ?, ?, ?, ?, ?, ?)
2025-06-20T14:19:41.585+05:30 DEBUG 37792 --- [user-management-service] [           main] org.hibernate.SQL                        : 
    insert 
    into
        users
        (bank_account_number, bank_ifsc_code, business_address, business_name, created_at, email, enabled, first_name, is_active, is_seller, last_name, password, phone, updated_at, upi_id, version) 
    values
        (?, ?, ?, ?, ?, ?, ?, ?, ?, ?, ?, ?, ?, ?, ?, ?)
Hibernate: 
    insert 
    into
        users
        (bank_account_number, bank_ifsc_code, business_address, business_name, created_at, email, enabled, first_name, is_active, is_seller, last_name, password, phone, updated_at, upi_id, version) 
    values
        (?, ?, ?, ?, ?, ?, ?, ?, ?, ?, ?, ?, ?, ?, ?, ?)
2025-06-20T14:19:41.590+05:30 DEBUG 37792 --- [user-management-service] [           main] org.hibernate.SQL                        : 
    insert 
    into
        users
        (bank_account_number, bank_ifsc_code, business_address, business_name, created_at, email, enabled, first_name, is_active, is_seller, last_name, password, phone, updated_at, upi_id, version) 
    values
        (?, ?, ?, ?, ?, ?, ?, ?, ?, ?, ?, ?, ?, ?, ?, ?)
Hibernate: 
    insert 
    into
        users
        (bank_account_number, bank_ifsc_code, business_address, business_name, created_at, email, enabled, first_name, is_active, is_seller, last_name, password, phone, updated_at, upi_id, version) 
    values
        (?, ?, ?, ?, ?, ?, ?, ?, ?, ?, ?, ?, ?, ?, ?, ?)
2025-06-20T14:19:41.596+05:30 DEBUG 37792 --- [user-management-service] [           main] org.hibernate.SQL                        : 
    insert 
    into
        users
        (bank_account_number, bank_ifsc_code, business_address, business_name, created_at, email, enabled, first_name, is_active, is_seller, last_name, password, phone, updated_at, upi_id, version) 
    values
        (?, ?, ?, ?, ?, ?, ?, ?, ?, ?, ?, ?, ?, ?, ?, ?)
Hibernate: 
    insert 
    into
        users
        (bank_account_number, bank_ifsc_code, business_address, business_name, created_at, email, enabled, first_name, is_active, is_seller, last_name, password, phone, updated_at, upi_id, version) 
    values
        (?, ?, ?, ?, ?, ?, ?, ?, ?, ?, ?, ?, ?, ?, ?, ?)
2025-06-20T14:19:41.602+05:30 DEBUG 37792 --- [user-management-service] [           main] org.hibernate.SQL                        : 
    insert 
    into
        users
        (bank_account_number, bank_ifsc_code, business_address, business_name, created_at, email, enabled, first_name, is_active, is_seller, last_name, password, phone, updated_at, upi_id, version) 
    values
        (?, ?, ?, ?, ?, ?, ?, ?, ?, ?, ?, ?, ?, ?, ?, ?)
Hibernate: 
    insert 
    into
        users
        (bank_account_number, bank_ifsc_code, business_address, business_name, created_at, email, enabled, first_name, is_active, is_seller, last_name, password, phone, updated_at, upi_id, version) 
    values
        (?, ?, ?, ?, ?, ?, ?, ?, ?, ?, ?, ?, ?, ?, ?, ?)
2025-06-20T14:19:41.610+05:30 DEBUG 37792 --- [user-management-service] [           main] org.hibernate.SQL                        : 
    insert 
    into
        users
        (bank_account_number, bank_ifsc_code, business_address, business_name, created_at, email, enabled, first_name, is_active, is_seller, last_name, password, phone, updated_at, upi_id, version) 
    values
        (?, ?, ?, ?, ?, ?, ?, ?, ?, ?, ?, ?, ?, ?, ?, ?)
Hibernate: 
    insert 
    into
        users
        (bank_account_number, bank_ifsc_code, business_address, business_name, created_at, email, enabled, first_name, is_active, is_seller, last_name, password, phone, updated_at, upi_id, version) 
    values
        (?, ?, ?, ?, ?, ?, ?, ?, ?, ?, ?, ?, ?, ?, ?, ?)
2025-06-20T14:19:41.620+05:30 DEBUG 37792 --- [user-management-service] [           main] org.hibernate.SQL                        : 
    insert 
    into
        users
        (bank_account_number, bank_ifsc_code, business_address, business_name, created_at, email, enabled, first_name, is_active, is_seller, last_name, password, phone, updated_at, upi_id, version) 
    values
        (?, ?, ?, ?, ?, ?, ?, ?, ?, ?, ?, ?, ?, ?, ?, ?)
Hibernate: 
    insert 
    into
        users
        (bank_account_number, bank_ifsc_code, business_address, business_name, created_at, email, enabled, first_name, is_active, is_seller, last_name, password, phone, updated_at, upi_id, version) 
    values
        (?, ?, ?, ?, ?, ?, ?, ?, ?, ?, ?, ?, ?, ?, ?, ?)
2025-06-20T14:19:41.630+05:30 DEBUG 37792 --- [user-management-service] [           main] org.hibernate.SQL                        : 
    insert 
    into
        users
        (bank_account_number, bank_ifsc_code, business_address, business_name, created_at, email, enabled, first_name, is_active, is_seller, last_name, password, phone, updated_at, upi_id, version) 
    values
        (?, ?, ?, ?, ?, ?, ?, ?, ?, ?, ?, ?, ?, ?, ?, ?)
Hibernate: 
    insert 
    into
        users
        (bank_account_number, bank_ifsc_code, business_address, business_name, created_at, email, enabled, first_name, is_active, is_seller, last_name, password, phone, updated_at, upi_id, version) 
    values
        (?, ?, ?, ?, ?, ?, ?, ?, ?, ?, ?, ?, ?, ?, ?, ?)
2025-06-20T14:19:41.638+05:30 DEBUG 37792 --- [user-management-service] [           main] org.hibernate.SQL                        : 
    insert 
    into
        users
        (bank_account_number, bank_ifsc_code, business_address, business_name, created_at, email, enabled, first_name, is_active, is_seller, last_name, password, phone, updated_at, upi_id, version) 
    values
        (?, ?, ?, ?, ?, ?, ?, ?, ?, ?, ?, ?, ?, ?, ?, ?)
Hibernate: 
    insert 
    into
        users
        (bank_account_number, bank_ifsc_code, business_address, business_name, created_at, email, enabled, first_name, is_active, is_seller, last_name, password, phone, updated_at, upi_id, version) 
    values
        (?, ?, ?, ?, ?, ?, ?, ?, ?, ?, ?, ?, ?, ?, ?, ?)
2025-06-20T14:19:41.644+05:30 DEBUG 37792 --- [user-management-service] [           main] org.hibernate.SQL                        : 
    insert 
    into
        users
        (bank_account_number, bank_ifsc_code, business_address, business_name, created_at, email, enabled, first_name, is_active, is_seller, last_name, password, phone, updated_at, upi_id, version) 
    values
        (?, ?, ?, ?, ?, ?, ?, ?, ?, ?, ?, ?, ?, ?, ?, ?)
Hibernate: 
    insert 
    into
        users
        (bank_account_number, bank_ifsc_code, business_address, business_name, created_at, email, enabled, first_name, is_active, is_seller, last_name, password, phone, updated_at, upi_id, version) 
    values
        (?, ?, ?, ?, ?, ?, ?, ?, ?, ?, ?, ?, ?, ?, ?, ?)
2025-06-20T14:19:41.651+05:30 DEBUG 37792 --- [user-management-service] [           main] org.hibernate.SQL                        : 
    insert 
    into
        users
        (bank_account_number, bank_ifsc_code, business_address, business_name, created_at, email, enabled, first_name, is_active, is_seller, last_name, password, phone, updated_at, upi_id, version) 
    values
        (?, ?, ?, ?, ?, ?, ?, ?, ?, ?, ?, ?, ?, ?, ?, ?)
Hibernate: 
    insert 
    into
        users
        (bank_account_number, bank_ifsc_code, business_address, business_name, created_at, email, enabled, first_name, is_active, is_seller, last_name, password, phone, updated_at, upi_id, version) 
    values
        (?, ?, ?, ?, ?, ?, ?, ?, ?, ?, ?, ?, ?, ?, ?, ?)
2025-06-20T14:19:41.657+05:30 DEBUG 37792 --- [user-management-service] [           main] org.hibernate.SQL                        : 
    insert 
    into
        users
        (bank_account_number, bank_ifsc_code, business_address, business_name, created_at, email, enabled, first_name, is_active, is_seller, last_name, password, phone, updated_at, upi_id, version) 
    values
        (?, ?, ?, ?, ?, ?, ?, ?, ?, ?, ?, ?, ?, ?, ?, ?)
Hibernate: 
    insert 
    into
        users
        (bank_account_number, bank_ifsc_code, business_address, business_name, created_at, email, enabled, first_name, is_active, is_seller, last_name, password, phone, updated_at, upi_id, version) 
    values
        (?, ?, ?, ?, ?, ?, ?, ?, ?, ?, ?, ?, ?, ?, ?, ?)
2025-06-20T14:19:41.663+05:30 DEBUG 37792 --- [user-management-service] [           main] org.hibernate.SQL                        : 
    insert 
    into
        users
        (bank_account_number, bank_ifsc_code, business_address, business_name, created_at, email, enabled, first_name, is_active, is_seller, last_name, password, phone, updated_at, upi_id, version) 
    values
        (?, ?, ?, ?, ?, ?, ?, ?, ?, ?, ?, ?, ?, ?, ?, ?)
Hibernate: 
    insert 
    into
        users
        (bank_account_number, bank_ifsc_code, business_address, business_name, created_at, email, enabled, first_name, is_active, is_seller, last_name, password, phone, updated_at, upi_id, version) 
    values
        (?, ?, ?, ?, ?, ?, ?, ?, ?, ?, ?, ?, ?, ?, ?, ?)
2025-06-20T14:19:41.670+05:30 DEBUG 37792 --- [user-management-service] [           main] org.hibernate.SQL                        : 
    insert 
    into
        users
        (bank_account_number, bank_ifsc_code, business_address, business_name, created_at, email, enabled, first_name, is_active, is_seller, last_name, password, phone, updated_at, upi_id, version) 
    values
        (?, ?, ?, ?, ?, ?, ?, ?, ?, ?, ?, ?, ?, ?, ?, ?)
Hibernate: 
    insert 
    into
        users
        (bank_account_number, bank_ifsc_code, business_address, business_name, created_at, email, enabled, first_name, is_active, is_seller, last_name, password, phone, updated_at, upi_id, version) 
    values
        (?, ?, ?, ?, ?, ?, ?, ?, ?, ?, ?, ?, ?, ?, ?, ?)
2025-06-20T14:19:41.677+05:30 DEBUG 37792 --- [user-management-service] [           main] org.hibernate.SQL                        : 
    insert 
    into
        users
        (bank_account_number, bank_ifsc_code, business_address, business_name, created_at, email, enabled, first_name, is_active, is_seller, last_name, password, phone, updated_at, upi_id, version) 
    values
        (?, ?, ?, ?, ?, ?, ?, ?, ?, ?, ?, ?, ?, ?, ?, ?)
Hibernate: 
    insert 
    into
        users
        (bank_account_number, bank_ifsc_code, business_address, business_name, created_at, email, enabled, first_name, is_active, is_seller, last_name, password, phone, updated_at, upi_id, version) 
    values
        (?, ?, ?, ?, ?, ?, ?, ?, ?, ?, ?, ?, ?, ?, ?, ?)
2025-06-20T14:19:41.682+05:30 DEBUG 37792 --- [user-management-service] [           main] org.hibernate.SQL                        : 
    insert 
    into
        users
        (bank_account_number, bank_ifsc_code, business_address, business_name, created_at, email, enabled, first_name, is_active, is_seller, last_name, password, phone, updated_at, upi_id, version) 
    values
        (?, ?, ?, ?, ?, ?, ?, ?, ?, ?, ?, ?, ?, ?, ?, ?)
Hibernate: 
    insert 
    into
        users
        (bank_account_number, bank_ifsc_code, business_address, business_name, created_at, email, enabled, first_name, is_active, is_seller, last_name, password, phone, updated_at, upi_id, version) 
    values
        (?, ?, ?, ?, ?, ?, ?, ?, ?, ?, ?, ?, ?, ?, ?, ?)
2025-06-20T14:19:41.688+05:30 DEBUG 37792 --- [user-management-service] [           main] org.hibernate.SQL                        : 
    insert 
    into
        users
        (bank_account_number, bank_ifsc_code, business_address, business_name, created_at, email, enabled, first_name, is_active, is_seller, last_name, password, phone, updated_at, upi_id, version) 
    values
        (?, ?, ?, ?, ?, ?, ?, ?, ?, ?, ?, ?, ?, ?, ?, ?)
Hibernate: 
    insert 
    into
        users
        (bank_account_number, bank_ifsc_code, business_address, business_name, created_at, email, enabled, first_name, is_active, is_seller, last_name, password, phone, updated_at, upi_id, version) 
    values
        (?, ?, ?, ?, ?, ?, ?, ?, ?, ?, ?, ?, ?, ?, ?, ?)
2025-06-20T14:19:41.695+05:30 DEBUG 37792 --- [user-management-service] [           main] org.hibernate.SQL                        : 
    insert 
    into
        users
        (bank_account_number, bank_ifsc_code, business_address, business_name, created_at, email, enabled, first_name, is_active, is_seller, last_name, password, phone, updated_at, upi_id, version) 
    values
        (?, ?, ?, ?, ?, ?, ?, ?, ?, ?, ?, ?, ?, ?, ?, ?)
Hibernate: 
    insert 
    into
        users
        (bank_account_number, bank_ifsc_code, business_address, business_name, created_at, email, enabled, first_name, is_active, is_seller, last_name, password, phone, updated_at, upi_id, version) 
    values
        (?, ?, ?, ?, ?, ?, ?, ?, ?, ?, ?, ?, ?, ?, ?, ?)
2025-06-20T14:19:41.701+05:30 DEBUG 37792 --- [user-management-service] [           main] org.hibernate.SQL                        : 
    insert 
    into
        users
        (bank_account_number, bank_ifsc_code, business_address, business_name, created_at, email, enabled, first_name, is_active, is_seller, last_name, password, phone, updated_at, upi_id, version) 
    values
        (?, ?, ?, ?, ?, ?, ?, ?, ?, ?, ?, ?, ?, ?, ?, ?)
Hibernate: 
    insert 
    into
        users
        (bank_account_number, bank_ifsc_code, business_address, business_name, created_at, email, enabled, first_name, is_active, is_seller, last_name, password, phone, updated_at, upi_id, version) 
    values
        (?, ?, ?, ?, ?, ?, ?, ?, ?, ?, ?, ?, ?, ?, ?, ?)
2025-06-20T14:19:41.706+05:30 DEBUG 37792 --- [user-management-service] [           main] org.hibernate.SQL                        : 
    insert 
    into
        users
        (bank_account_number, bank_ifsc_code, business_address, business_name, created_at, email, enabled, first_name, is_active, is_seller, last_name, password, phone, updated_at, upi_id, version) 
    values
        (?, ?, ?, ?, ?, ?, ?, ?, ?, ?, ?, ?, ?, ?, ?, ?)
Hibernate: 
    insert 
    into
        users
        (bank_account_number, bank_ifsc_code, business_address, business_name, created_at, email, enabled, first_name, is_active, is_seller, last_name, password, phone, updated_at, upi_id, version) 
    values
        (?, ?, ?, ?, ?, ?, ?, ?, ?, ?, ?, ?, ?, ?, ?, ?)
2025-06-20T14:19:41.711+05:30 DEBUG 37792 --- [user-management-service] [           main] org.hibernate.SQL                        : 
    insert 
    into
        users
        (bank_account_number, bank_ifsc_code, business_address, business_name, created_at, email, enabled, first_name, is_active, is_seller, last_name, password, phone, updated_at, upi_id, version) 
    values
        (?, ?, ?, ?, ?, ?, ?, ?, ?, ?, ?, ?, ?, ?, ?, ?)
Hibernate: 
    insert 
    into
        users
        (bank_account_number, bank_ifsc_code, business_address, business_name, created_at, email, enabled, first_name, is_active, is_seller, last_name, password, phone, updated_at, upi_id, version) 
    values
        (?, ?, ?, ?, ?, ?, ?, ?, ?, ?, ?, ?, ?, ?, ?, ?)
2025-06-20T14:19:41.718+05:30 DEBUG 37792 --- [user-management-service] [           main] org.hibernate.SQL                        : 
    insert 
    into
        users
        (bank_account_number, bank_ifsc_code, business_address, business_name, created_at, email, enabled, first_name, is_active, is_seller, last_name, password, phone, updated_at, upi_id, version) 
    values
        (?, ?, ?, ?, ?, ?, ?, ?, ?, ?, ?, ?, ?, ?, ?, ?)
Hibernate: 
    insert 
    into
        users
        (bank_account_number, bank_ifsc_code, business_address, business_name, created_at, email, enabled, first_name, is_active, is_seller, last_name, password, phone, updated_at, upi_id, version) 
    values
        (?, ?, ?, ?, ?, ?, ?, ?, ?, ?, ?, ?, ?, ?, ?, ?)
2025-06-20T14:19:41.724+05:30 DEBUG 37792 --- [user-management-service] [           main] org.hibernate.SQL                        : 
    insert 
    into
        users
        (bank_account_number, bank_ifsc_code, business_address, business_name, created_at, email, enabled, first_name, is_active, is_seller, last_name, password, phone, updated_at, upi_id, version) 
    values
        (?, ?, ?, ?, ?, ?, ?, ?, ?, ?, ?, ?, ?, ?, ?, ?)
Hibernate: 
    insert 
    into
        users
        (bank_account_number, bank_ifsc_code, business_address, business_name, created_at, email, enabled, first_name, is_active, is_seller, last_name, password, phone, updated_at, upi_id, version) 
    values
        (?, ?, ?, ?, ?, ?, ?, ?, ?, ?, ?, ?, ?, ?, ?, ?)
2025-06-20T14:19:41.732+05:30 DEBUG 37792 --- [user-management-service] [           main] org.hibernate.SQL                        : 
    insert 
    into
        users
        (bank_account_number, bank_ifsc_code, business_address, business_name, created_at, email, enabled, first_name, is_active, is_seller, last_name, password, phone, updated_at, upi_id, version) 
    values
        (?, ?, ?, ?, ?, ?, ?, ?, ?, ?, ?, ?, ?, ?, ?, ?)
Hibernate: 
    insert 
    into
        users
        (bank_account_number, bank_ifsc_code, business_address, business_name, created_at, email, enabled, first_name, is_active, is_seller, last_name, password, phone, updated_at, upi_id, version) 
    values
        (?, ?, ?, ?, ?, ?, ?, ?, ?, ?, ?, ?, ?, ?, ?, ?)
2025-06-20T14:19:41.739+05:30 DEBUG 37792 --- [user-management-service] [           main] org.hibernate.SQL                        : 
    insert 
    into
        users
        (bank_account_number, bank_ifsc_code, business_address, business_name, created_at, email, enabled, first_name, is_active, is_seller, last_name, password, phone, updated_at, upi_id, version) 
    values
        (?, ?, ?, ?, ?, ?, ?, ?, ?, ?, ?, ?, ?, ?, ?, ?)
Hibernate: 
    insert 
    into
        users
        (bank_account_number, bank_ifsc_code, business_address, business_name, created_at, email, enabled, first_name, is_active, is_seller, last_name, password, phone, updated_at, upi_id, version) 
    values
        (?, ?, ?, ?, ?, ?, ?, ?, ?, ?, ?, ?, ?, ?, ?, ?)
2025-06-20T14:19:41.745+05:30 DEBUG 37792 --- [user-management-service] [           main] org.hibernate.SQL                        : 
    insert 
    into
        users
        (bank_account_number, bank_ifsc_code, business_address, business_name, created_at, email, enabled, first_name, is_active, is_seller, last_name, password, phone, updated_at, upi_id, version) 
    values
        (?, ?, ?, ?, ?, ?, ?, ?, ?, ?, ?, ?, ?, ?, ?, ?)
Hibernate: 
    insert 
    into
        users
        (bank_account_number, bank_ifsc_code, business_address, business_name, created_at, email, enabled, first_name, is_active, is_seller, last_name, password, phone, updated_at, upi_id, version) 
    values
        (?, ?, ?, ?, ?, ?, ?, ?, ?, ?, ?, ?, ?, ?, ?, ?)
2025-06-20T14:19:41.751+05:30 DEBUG 37792 --- [user-management-service] [           main] org.hibernate.SQL                        : 
    insert 
    into
        users
        (bank_account_number, bank_ifsc_code, business_address, business_name, created_at, email, enabled, first_name, is_active, is_seller, last_name, password, phone, updated_at, upi_id, version) 
    values
        (?, ?, ?, ?, ?, ?, ?, ?, ?, ?, ?, ?, ?, ?, ?, ?)
Hibernate: 
    insert 
    into
        users
        (bank_account_number, bank_ifsc_code, business_address, business_name, created_at, email, enabled, first_name, is_active, is_seller, last_name, password, phone, updated_at, upi_id, version) 
    values
        (?, ?, ?, ?, ?, ?, ?, ?, ?, ?, ?, ?, ?, ?, ?, ?)
2025-06-20T14:19:41.757+05:30 DEBUG 37792 --- [user-management-service] [           main] org.hibernate.SQL                        : 
    insert 
    into
        users
        (bank_account_number, bank_ifsc_code, business_address, business_name, created_at, email, enabled, first_name, is_active, is_seller, last_name, password, phone, updated_at, upi_id, version) 
    values
        (?, ?, ?, ?, ?, ?, ?, ?, ?, ?, ?, ?, ?, ?, ?, ?)
Hibernate: 
    insert 
    into
        users
        (bank_account_number, bank_ifsc_code, business_address, business_name, created_at, email, enabled, first_name, is_active, is_seller, last_name, password, phone, updated_at, upi_id, version) 
    values
        (?, ?, ?, ?, ?, ?, ?, ?, ?, ?, ?, ?, ?, ?, ?, ?)
2025-06-20T14:19:41.762+05:30 DEBUG 37792 --- [user-management-service] [           main] org.hibernate.SQL                        : 
    insert 
    into
        users
        (bank_account_number, bank_ifsc_code, business_address, business_name, created_at, email, enabled, first_name, is_active, is_seller, last_name, password, phone, updated_at, upi_id, version) 
    values
        (?, ?, ?, ?, ?, ?, ?, ?, ?, ?, ?, ?, ?, ?, ?, ?)
Hibernate: 
    insert 
    into
        users
        (bank_account_number, bank_ifsc_code, business_address, business_name, created_at, email, enabled, first_name, is_active, is_seller, last_name, password, phone, updated_at, upi_id, version) 
    values
        (?, ?, ?, ?, ?, ?, ?, ?, ?, ?, ?, ?, ?, ?, ?, ?)
2025-06-20T14:19:41.766+05:30 DEBUG 37792 --- [user-management-service] [           main] org.hibernate.SQL                        : 
    insert 
    into
        users
        (bank_account_number, bank_ifsc_code, business_address, business_name, created_at, email, enabled, first_name, is_active, is_seller, last_name, password, phone, updated_at, upi_id, version) 
    values
        (?, ?, ?, ?, ?, ?, ?, ?, ?, ?, ?, ?, ?, ?, ?, ?)
Hibernate: 
    insert 
    into
        users
        (bank_account_number, bank_ifsc_code, business_address, business_name, created_at, email, enabled, first_name, is_active, is_seller, last_name, password, phone, updated_at, upi_id, version) 
    values
        (?, ?, ?, ?, ?, ?, ?, ?, ?, ?, ?, ?, ?, ?, ?, ?)
2025-06-20T14:19:41.772+05:30 DEBUG 37792 --- [user-management-service] [           main] org.hibernate.SQL                        : 
    insert 
    into
        users
        (bank_account_number, bank_ifsc_code, business_address, business_name, created_at, email, enabled, first_name, is_active, is_seller, last_name, password, phone, updated_at, upi_id, version) 
    values
        (?, ?, ?, ?, ?, ?, ?, ?, ?, ?, ?, ?, ?, ?, ?, ?)
Hibernate: 
    insert 
    into
        users
        (bank_account_number, bank_ifsc_code, business_address, business_name, created_at, email, enabled, first_name, is_active, is_seller, last_name, password, phone, updated_at, upi_id, version) 
    values
        (?, ?, ?, ?, ?, ?, ?, ?, ?, ?, ?, ?, ?, ?, ?, ?)
2025-06-20T14:19:41.779+05:30 DEBUG 37792 --- [user-management-service] [           main] org.hibernate.SQL                        : 
    insert 
    into
        users
        (bank_account_number, bank_ifsc_code, business_address, business_name, created_at, email, enabled, first_name, is_active, is_seller, last_name, password, phone, updated_at, upi_id, version) 
    values
        (?, ?, ?, ?, ?, ?, ?, ?, ?, ?, ?, ?, ?, ?, ?, ?)
Hibernate: 
    insert 
    into
        users
        (bank_account_number, bank_ifsc_code, business_address, business_name, created_at, email, enabled, first_name, is_active, is_seller, last_name, password, phone, updated_at, upi_id, version) 
    values
        (?, ?, ?, ?, ?, ?, ?, ?, ?, ?, ?, ?, ?, ?, ?, ?)
2025-06-20T14:19:41.785+05:30 DEBUG 37792 --- [user-management-service] [           main] org.hibernate.SQL                        : 
    insert 
    into
        users
        (bank_account_number, bank_ifsc_code, business_address, business_name, created_at, email, enabled, first_name, is_active, is_seller, last_name, password, phone, updated_at, upi_id, version) 
    values
        (?, ?, ?, ?, ?, ?, ?, ?, ?, ?, ?, ?, ?, ?, ?, ?)
Hibernate: 
    insert 
    into
        users
        (bank_account_number, bank_ifsc_code, business_address, business_name, created_at, email, enabled, first_name, is_active, is_seller, last_name, password, phone, updated_at, upi_id, version) 
    values
        (?, ?, ?, ?, ?, ?, ?, ?, ?, ?, ?, ?, ?, ?, ?, ?)
2025-06-20T14:19:41.789+05:30 DEBUG 37792 --- [user-management-service] [           main] org.hibernate.SQL                        : 
    insert 
    into
        users
        (bank_account_number, bank_ifsc_code, business_address, business_name, created_at, email, enabled, first_name, is_active, is_seller, last_name, password, phone, updated_at, upi_id, version) 
    values
        (?, ?, ?, ?, ?, ?, ?, ?, ?, ?, ?, ?, ?, ?, ?, ?)
Hibernate: 
    insert 
    into
        users
        (bank_account_number, bank_ifsc_code, business_address, business_name, created_at, email, enabled, first_name, is_active, is_seller, last_name, password, phone, updated_at, upi_id, version) 
    values
        (?, ?, ?, ?, ?, ?, ?, ?, ?, ?, ?, ?, ?, ?, ?, ?)
2025-06-20T14:19:41.795+05:30 DEBUG 37792 --- [user-management-service] [           main] org.hibernate.SQL                        : 
    insert 
    into
        users
        (bank_account_number, bank_ifsc_code, business_address, business_name, created_at, email, enabled, first_name, is_active, is_seller, last_name, password, phone, updated_at, upi_id, version) 
    values
        (?, ?, ?, ?, ?, ?, ?, ?, ?, ?, ?, ?, ?, ?, ?, ?)
Hibernate: 
    insert 
    into
        users
        (bank_account_number, bank_ifsc_code, business_address, business_name, created_at, email, enabled, first_name, is_active, is_seller, last_name, password, phone, updated_at, upi_id, version) 
    values
        (?, ?, ?, ?, ?, ?, ?, ?, ?, ?, ?, ?, ?, ?, ?, ?)
2025-06-20T14:19:41.799+05:30 DEBUG 37792 --- [user-management-service] [           main] org.hibernate.SQL                        : 
    insert 
    into
        users
        (bank_account_number, bank_ifsc_code, business_address, business_name, created_at, email, enabled, first_name, is_active, is_seller, last_name, password, phone, updated_at, upi_id, version) 
    values
        (?, ?, ?, ?, ?, ?, ?, ?, ?, ?, ?, ?, ?, ?, ?, ?)
Hibernate: 
    insert 
    into
        users
        (bank_account_number, bank_ifsc_code, business_address, business_name, created_at, email, enabled, first_name, is_active, is_seller, last_name, password, phone, updated_at, upi_id, version) 
    values
        (?, ?, ?, ?, ?, ?, ?, ?, ?, ?, ?, ?, ?, ?, ?, ?)
2025-06-20T14:19:41.804+05:30 DEBUG 37792 --- [user-management-service] [           main] org.hibernate.SQL                        : 
    insert 
    into
        users
        (bank_account_number, bank_ifsc_code, business_address, business_name, created_at, email, enabled, first_name, is_active, is_seller, last_name, password, phone, updated_at, upi_id, version) 
    values
        (?, ?, ?, ?, ?, ?, ?, ?, ?, ?, ?, ?, ?, ?, ?, ?)
Hibernate: 
    insert 
    into
        users
        (bank_account_number, bank_ifsc_code, business_address, business_name, created_at, email, enabled, first_name, is_active, is_seller, last_name, password, phone, updated_at, upi_id, version) 
    values
        (?, ?, ?, ?, ?, ?, ?, ?, ?, ?, ?, ?, ?, ?, ?, ?)
2025-06-20T14:19:41.808+05:30 DEBUG 37792 --- [user-management-service] [           main] org.hibernate.SQL                        : 
    insert 
    into
        users
        (bank_account_number, bank_ifsc_code, business_address, business_name, created_at, email, enabled, first_name, is_active, is_seller, last_name, password, phone, updated_at, upi_id, version) 
    values
        (?, ?, ?, ?, ?, ?, ?, ?, ?, ?, ?, ?, ?, ?, ?, ?)
Hibernate: 
    insert 
    into
        users
        (bank_account_number, bank_ifsc_code, business_address, business_name, created_at, email, enabled, first_name, is_active, is_seller, last_name, password, phone, updated_at, upi_id, version) 
    values
        (?, ?, ?, ?, ?, ?, ?, ?, ?, ?, ?, ?, ?, ?, ?, ?)
2025-06-20T14:19:41.813+05:30 DEBUG 37792 --- [user-management-service] [           main] org.hibernate.SQL                        : 
    insert 
    into
        users
        (bank_account_number, bank_ifsc_code, business_address, business_name, created_at, email, enabled, first_name, is_active, is_seller, last_name, password, phone, updated_at, upi_id, version) 
    values
        (?, ?, ?, ?, ?, ?, ?, ?, ?, ?, ?, ?, ?, ?, ?, ?)
Hibernate: 
    insert 
    into
        users
        (bank_account_number, bank_ifsc_code, business_address, business_name, created_at, email, enabled, first_name, is_active, is_seller, last_name, password, phone, updated_at, upi_id, version) 
    values
        (?, ?, ?, ?, ?, ?, ?, ?, ?, ?, ?, ?, ?, ?, ?, ?)
2025-06-20T14:19:41.824+05:30 DEBUG 37792 --- [user-management-service] [           main] org.hibernate.SQL                        : 
    insert 
    into
        users
        (bank_account_number, bank_ifsc_code, business_address, business_name, created_at, email, enabled, first_name, is_active, is_seller, last_name, password, phone, updated_at, upi_id, version) 
    values
        (?, ?, ?, ?, ?, ?, ?, ?, ?, ?, ?, ?, ?, ?, ?, ?)
Hibernate: 
    insert 
    into
        users
[...]
    values
        (?, ?, ?, ?, ?, ?, ?, ?, ?, ?, ?, ?, ?, ?, ?, ?)
2025-06-20T14:19:46.207+05:30 DEBUG 37792 --- [user-management-service] [           main] org.hibernate.SQL                        : 
    insert 
    into
        users
        (bank_account_number, bank_ifsc_code, business_address, business_name, created_at, email, enabled, first_name, is_active, is_seller, last_name, password, phone, updated_at, upi_id, version) 
    values
        (?, ?, ?, ?, ?, ?, ?, ?, ?, ?, ?, ?, ?, ?, ?, ?)
Hibernate: 
    insert 
    into
        users
        (bank_account_number, bank_ifsc_code, business_address, business_name, created_at, email, enabled, first_name, is_active, is_seller, last_name, password, phone, updated_at, upi_id, version) 
    values
        (?, ?, ?, ?, ?, ?, ?, ?, ?, ?, ?, ?, ?, ?, ?, ?)
2025-06-20T14:19:46.210+05:30 DEBUG 37792 --- [user-management-service] [           main] org.hibernate.SQL                        : 
    insert 
    into
        users
        (bank_account_number, bank_ifsc_code, business_address, business_name, created_at, email, enabled, first_name, is_active, is_seller, last_name, password, phone, updated_at, upi_id, version) 
    values
        (?, ?, ?, ?, ?, ?, ?, ?, ?, ?, ?, ?, ?, ?, ?, ?)
Hibernate: 
    insert 
    into
        users
        (bank_account_number, bank_ifsc_code, business_address, business_name, created_at, email, enabled, first_name, is_active, is_seller, last_name, password, phone, updated_at, upi_id, version) 
    values
        (?, ?, ?, ?, ?, ?, ?, ?, ?, ?, ?, ?, ?, ?, ?, ?)
2025-06-20T14:19:46.231+05:30 DEBUG 37792 --- [user-management-service] [           main] org.hibernate.SQL                        : 
    select
        u1_0.id,
        u1_0.bank_account_number,
        u1_0.bank_ifsc_code,
        u1_0.business_address,
        u1_0.business_name,
        u1_0.created_at,
        u1_0.email,
        u1_0.enabled,
        u1_0.first_name,
        u1_0.is_active,
        u1_0.is_seller,
        u1_0.last_name,
        u1_0.password,
        u1_0.phone,
        u1_0.updated_at,
        u1_0.upi_id,
        u1_0.version 
    from
        users u1_0
Hibernate: 
    select
        u1_0.id,
        u1_0.bank_account_number,
        u1_0.bank_ifsc_code,
        u1_0.business_address,
        u1_0.business_name,
        u1_0.created_at,
        u1_0.email,
        u1_0.enabled,
        u1_0.first_name,
        u1_0.is_active,
        u1_0.is_seller,
        u1_0.last_name,
        u1_0.password,
        u1_0.phone,
        u1_0.updated_at,
        u1_0.upi_id,
        u1_0.version 
    from
        users u1_0
]]></system-out>
  </testcase>
  <testcase name="shouldRejectUserCreation_WhenPhoneNumberIsNull" classname="com.foodorder.usermanagement.service.UserServiceEdgeCaseTest" time="0.046">
    <system-out><![CDATA[2025-06-20T14:19:46.332+05:30 DEBUG 37792 --- [user-management-service] [           main] org.hibernate.SQL                        : 
    select
        u1_0.id,
        u1_0.bank_account_number,
        u1_0.bank_ifsc_code,
        u1_0.business_address,
        u1_0.business_name,
        u1_0.created_at,
        u1_0.email,
        u1_0.enabled,
        u1_0.first_name,
        u1_0.is_active,
        u1_0.is_seller,
        u1_0.last_name,
        u1_0.password,
        u1_0.phone,
        u1_0.updated_at,
        u1_0.upi_id,
        u1_0.version 
    from
        users u1_0
Hibernate: 
    select
        u1_0.id,
        u1_0.bank_account_number,
        u1_0.bank_ifsc_code,
        u1_0.business_address,
        u1_0.business_name,
        u1_0.created_at,
        u1_0.email,
        u1_0.enabled,
        u1_0.first_name,
        u1_0.is_active,
        u1_0.is_seller,
        u1_0.last_name,
        u1_0.password,
        u1_0.phone,
        u1_0.updated_at,
        u1_0.upi_id,
        u1_0.version 
    from
        users u1_0
]]></system-out>
  </testcase>
  <testcase name="getAllUsers_XssAttempt" classname="com.foodorder.usermanagement.service.UserServiceEdgeCaseTest" time="0.02">
    <system-out><![CDATA[2025-06-20T14:19:46.370+05:30 DEBUG 37792 --- [user-management-service] [           main] org.hibernate.SQL                        : 
    select
        u1_0.id,
        u1_0.bank_account_number,
        u1_0.bank_ifsc_code,
        u1_0.business_address,
        u1_0.business_name,
        u1_0.created_at,
        u1_0.email,
        u1_0.enabled,
        u1_0.first_name,
        u1_0.is_active,
        u1_0.is_seller,
        u1_0.last_name,
        u1_0.password,
        u1_0.phone,
        u1_0.updated_at,
        u1_0.upi_id,
        u1_0.version 
    from
        users u1_0
Hibernate: 
    select
        u1_0.id,
        u1_0.bank_account_number,
        u1_0.bank_ifsc_code,
        u1_0.business_address,
        u1_0.business_name,
        u1_0.created_at,
        u1_0.email,
        u1_0.enabled,
        u1_0.first_name,
        u1_0.is_active,
        u1_0.is_seller,
        u1_0.last_name,
        u1_0.password,
        u1_0.phone,
        u1_0.updated_at,
        u1_0.upi_id,
        u1_0.version 
    from
        users u1_0
2025-06-20T14:19:46.373+05:30 DEBUG 37792 --- [user-management-service] [           main] org.hibernate.SQL                        : 
    insert 
    into
        users
        (bank_account_number, bank_ifsc_code, business_address, business_name, created_at, email, enabled, first_name, is_active, is_seller, last_name, password, phone, updated_at, upi_id, version) 
    values
        (?, ?, ?, ?, ?, ?, ?, ?, ?, ?, ?, ?, ?, ?, ?, ?)
Hibernate: 
    insert 
    into
        users
        (bank_account_number, bank_ifsc_code, business_address, business_name, created_at, email, enabled, first_name, is_active, is_seller, last_name, password, phone, updated_at, upi_id, version) 
    values
        (?, ?, ?, ?, ?, ?, ?, ?, ?, ?, ?, ?, ?, ?, ?, ?)
2025-06-20T14:19:46.378+05:30 DEBUG 37792 --- [user-management-service] [           main] org.hibernate.SQL                        : 
    select
        u1_0.id,
        u1_0.bank_account_number,
        u1_0.bank_ifsc_code,
        u1_0.business_address,
        u1_0.business_name,
        u1_0.created_at,
        u1_0.email,
        u1_0.enabled,
        u1_0.first_name,
        u1_0.is_active,
        u1_0.is_seller,
        u1_0.last_name,
        u1_0.password,
        u1_0.phone,
        u1_0.updated_at,
        u1_0.upi_id,
        u1_0.version 
    from
        users u1_0
Hibernate: 
    select
        u1_0.id,
        u1_0.bank_account_number,
        u1_0.bank_ifsc_code,
        u1_0.business_address,
        u1_0.business_name,
        u1_0.created_at,
        u1_0.email,
        u1_0.enabled,
        u1_0.first_name,
        u1_0.is_active,
        u1_0.is_seller,
        u1_0.last_name,
        u1_0.password,
        u1_0.phone,
        u1_0.updated_at,
        u1_0.upi_id,
        u1_0.version 
    from
        users u1_0
]]></system-out>
  </testcase>
  <testcase name="getAllUsers_MaximumFieldLengths" classname="com.foodorder.usermanagement.service.UserServiceEdgeCaseTest" time="0.019">
    <system-out><![CDATA[2025-06-20T14:19:46.390+05:30 DEBUG 37792 --- [user-management-service] [           main] org.hibernate.SQL                        : 
    select
        u1_0.id,
        u1_0.bank_account_number,
        u1_0.bank_ifsc_code,
        u1_0.business_address,
        u1_0.business_name,
        u1_0.created_at,
        u1_0.email,
        u1_0.enabled,
        u1_0.first_name,
        u1_0.is_active,
        u1_0.is_seller,
        u1_0.last_name,
        u1_0.password,
        u1_0.phone,
        u1_0.updated_at,
        u1_0.upi_id,
        u1_0.version 
    from
        users u1_0
Hibernate: 
    select
        u1_0.id,
        u1_0.bank_account_number,
        u1_0.bank_ifsc_code,
        u1_0.business_address,
        u1_0.business_name,
        u1_0.created_at,
        u1_0.email,
        u1_0.enabled,
        u1_0.first_name,
        u1_0.is_active,
        u1_0.is_seller,
        u1_0.last_name,
        u1_0.password,
        u1_0.phone,
        u1_0.updated_at,
        u1_0.upi_id,
        u1_0.version 
    from
        users u1_0
2025-06-20T14:19:46.394+05:30 DEBUG 37792 --- [user-management-service] [           main] org.hibernate.SQL                        : 
    insert 
    into
        users
        (bank_account_number, bank_ifsc_code, business_address, business_name, created_at, email, enabled, first_name, is_active, is_seller, last_name, password, phone, updated_at, upi_id, version) 
    values
        (?, ?, ?, ?, ?, ?, ?, ?, ?, ?, ?, ?, ?, ?, ?, ?)
Hibernate: 
    insert 
    into
        users
        (bank_account_number, bank_ifsc_code, business_address, business_name, created_at, email, enabled, first_name, is_active, is_seller, last_name, password, phone, updated_at, upi_id, version) 
    values
        (?, ?, ?, ?, ?, ?, ?, ?, ?, ?, ?, ?, ?, ?, ?, ?)
2025-06-20T14:19:46.400+05:30 DEBUG 37792 --- [user-management-service] [           main] org.hibernate.SQL                        : 
    select
        u1_0.id,
        u1_0.bank_account_number,
        u1_0.bank_ifsc_code,
        u1_0.business_address,
        u1_0.business_name,
        u1_0.created_at,
        u1_0.email,
        u1_0.enabled,
        u1_0.first_name,
        u1_0.is_active,
        u1_0.is_seller,
        u1_0.last_name,
        u1_0.password,
        u1_0.phone,
        u1_0.updated_at,
        u1_0.upi_id,
        u1_0.version 
    from
        users u1_0
Hibernate: 
    select
        u1_0.id,
        u1_0.bank_account_number,
        u1_0.bank_ifsc_code,
        u1_0.business_address,
        u1_0.business_name,
        u1_0.created_at,
        u1_0.email,
        u1_0.enabled,
        u1_0.first_name,
        u1_0.is_active,
        u1_0.is_seller,
        u1_0.last_name,
        u1_0.password,
        u1_0.phone,
        u1_0.updated_at,
        u1_0.upi_id,
        u1_0.version 
    from
        users u1_0
]]></system-out>
  </testcase>
  <testcase name="getAllUsers_SqlInjectionAttempt" classname="com.foodorder.usermanagement.service.UserServiceEdgeCaseTest" time="0.018">
    <system-out><![CDATA[2025-06-20T14:19:46.409+05:30 DEBUG 37792 --- [user-management-service] [           main] org.hibernate.SQL                        : 
    select
        u1_0.id,
        u1_0.bank_account_number,
        u1_0.bank_ifsc_code,
        u1_0.business_address,
        u1_0.business_name,
        u1_0.created_at,
        u1_0.email,
        u1_0.enabled,
        u1_0.first_name,
        u1_0.is_active,
        u1_0.is_seller,
        u1_0.last_name,
        u1_0.password,
        u1_0.phone,
        u1_0.updated_at,
        u1_0.upi_id,
        u1_0.version 
    from
        users u1_0
Hibernate: 
    select
        u1_0.id,
        u1_0.bank_account_number,
        u1_0.bank_ifsc_code,
        u1_0.business_address,
        u1_0.business_name,
        u1_0.created_at,
        u1_0.email,
        u1_0.enabled,
        u1_0.first_name,
        u1_0.is_active,
        u1_0.is_seller,
        u1_0.last_name,
        u1_0.password,
        u1_0.phone,
        u1_0.updated_at,
        u1_0.upi_id,
        u1_0.version 
    from
        users u1_0
2025-06-20T14:19:46.413+05:30 DEBUG 37792 --- [user-management-service] [           main] org.hibernate.SQL                        : 
    insert 
    into
        users
        (bank_account_number, bank_ifsc_code, business_address, business_name, created_at, email, enabled, first_name, is_active, is_seller, last_name, password, phone, updated_at, upi_id, version) 
    values
        (?, ?, ?, ?, ?, ?, ?, ?, ?, ?, ?, ?, ?, ?, ?, ?)
Hibernate: 
    insert 
    into
        users
        (bank_account_number, bank_ifsc_code, business_address, business_name, created_at, email, enabled, first_name, is_active, is_seller, last_name, password, phone, updated_at, upi_id, version) 
    values
        (?, ?, ?, ?, ?, ?, ?, ?, ?, ?, ?, ?, ?, ?, ?, ?)
2025-06-20T14:19:46.419+05:30 DEBUG 37792 --- [user-management-service] [           main] org.hibernate.SQL                        : 
    select
        u1_0.id,
        u1_0.bank_account_number,
        u1_0.bank_ifsc_code,
        u1_0.business_address,
        u1_0.business_name,
        u1_0.created_at,
        u1_0.email,
        u1_0.enabled,
        u1_0.first_name,
        u1_0.is_active,
        u1_0.is_seller,
        u1_0.last_name,
        u1_0.password,
        u1_0.phone,
        u1_0.updated_at,
        u1_0.upi_id,
        u1_0.version 
    from
        users u1_0
Hibernate: 
    select
        u1_0.id,
        u1_0.bank_account_number,
        u1_0.bank_ifsc_code,
        u1_0.business_address,
        u1_0.business_name,
        u1_0.created_at,
        u1_0.email,
        u1_0.enabled,
        u1_0.first_name,
        u1_0.is_active,
        u1_0.is_seller,
        u1_0.last_name,
        u1_0.password,
        u1_0.phone,
        u1_0.updated_at,
        u1_0.upi_id,
        u1_0.version 
    from
        users u1_0
]]></system-out>
  </testcase>
  <testcase name="shouldRejectUserCreation_WhenPhoneNumberIsEmpty" classname="com.foodorder.usermanagement.service.UserServiceEdgeCaseTest" time="0.01">
    <system-out><![CDATA[2025-06-20T14:19:46.428+05:30 DEBUG 37792 --- [user-management-service] [           main] org.hibernate.SQL                        : 
    select
        u1_0.id,
        u1_0.bank_account_number,
        u1_0.bank_ifsc_code,
        u1_0.business_address,
        u1_0.business_name,
        u1_0.created_at,
        u1_0.email,
        u1_0.enabled,
        u1_0.first_name,
        u1_0.is_active,
        u1_0.is_seller,
        u1_0.last_name,
        u1_0.password,
        u1_0.phone,
        u1_0.updated_at,
        u1_0.upi_id,
        u1_0.version 
    from
        users u1_0
Hibernate: 
    select
        u1_0.id,
        u1_0.bank_account_number,
        u1_0.bank_ifsc_code,
        u1_0.business_address,
        u1_0.business_name,
        u1_0.created_at,
        u1_0.email,
        u1_0.enabled,
        u1_0.first_name,
        u1_0.is_active,
        u1_0.is_seller,
        u1_0.last_name,
        u1_0.password,
        u1_0.phone,
        u1_0.updated_at,
        u1_0.upi_id,
        u1_0.version 
    from
        users u1_0
]]></system-out>
  </testcase>
  <testcase name="getAllUsers_NullFields" classname="com.foodorder.usermanagement.service.UserServiceEdgeCaseTest" time="0.009">
    <system-out><![CDATA[2025-06-20T14:19:46.439+05:30 DEBUG 37792 --- [user-management-service] [           main] org.hibernate.SQL                        : 
    select
        u1_0.id,
        u1_0.bank_account_number,
        u1_0.bank_ifsc_code,
        u1_0.business_address,
        u1_0.business_name,
        u1_0.created_at,
        u1_0.email,
        u1_0.enabled,
        u1_0.first_name,
        u1_0.is_active,
        u1_0.is_seller,
        u1_0.last_name,
        u1_0.password,
        u1_0.phone,
        u1_0.updated_at,
        u1_0.upi_id,
        u1_0.version 
    from
        users u1_0
Hibernate: 
    select
        u1_0.id,
        u1_0.bank_account_number,
        u1_0.bank_ifsc_code,
        u1_0.business_address,
        u1_0.business_name,
        u1_0.created_at,
        u1_0.email,
        u1_0.enabled,
        u1_0.first_name,
        u1_0.is_active,
        u1_0.is_seller,
        u1_0.last_name,
        u1_0.password,
        u1_0.phone,
        u1_0.updated_at,
        u1_0.upi_id,
        u1_0.version 
    from
        users u1_0
exceptionjakarta.validation.ConstraintViolationException: Validation failed for classes [com.foodorder.usermanagement.model.User] during persist time for groups [jakarta.validation.groups.Default, ]
List of constraint violations:[
	ConstraintViolationImpl{interpolatedMessage='must not be blank', propertyPath=phone, rootBeanClass=class com.foodorder.usermanagement.model.User, messageTemplate='{jakarta.validation.constraints.NotBlank.message}'}
	ConstraintViolationImpl{interpolatedMessage='must not be blank', propertyPath=firstName, rootBeanClass=class com.foodorder.usermanagement.model.User, messageTemplate='{jakarta.validation.constraints.NotBlank.message}'}
	ConstraintViolationImpl{interpolatedMessage='must not be blank', propertyPath=lastName, rootBeanClass=class com.foodorder.usermanagement.model.User, messageTemplate='{jakarta.validation.constraints.NotBlank.message}'}
]
]]></system-out>
  </testcase>
  <testcase name="getAllUsers_EmptyStrings" classname="com.foodorder.usermanagement.service.UserServiceEdgeCaseTest" time="0.01">
    <system-out><![CDATA[2025-06-20T14:19:46.449+05:30 DEBUG 37792 --- [user-management-service] [           main] org.hibernate.SQL                        : 
    select
        u1_0.id,
        u1_0.bank_account_number,
        u1_0.bank_ifsc_code,
        u1_0.business_address,
        u1_0.business_name,
        u1_0.created_at,
        u1_0.email,
        u1_0.enabled,
        u1_0.first_name,
        u1_0.is_active,
        u1_0.is_seller,
        u1_0.last_name,
        u1_0.password,
        u1_0.phone,
        u1_0.updated_at,
        u1_0.upi_id,
        u1_0.version 
    from
        users u1_0
Hibernate: 
    select
        u1_0.id,
        u1_0.bank_account_number,
        u1_0.bank_ifsc_code,
        u1_0.business_address,
        u1_0.business_name,
        u1_0.created_at,
        u1_0.email,
        u1_0.enabled,
        u1_0.first_name,
        u1_0.is_active,
        u1_0.is_seller,
        u1_0.last_name,
        u1_0.password,
        u1_0.phone,
        u1_0.updated_at,
        u1_0.upi_id,
        u1_0.version 
    from
        users u1_0
]]></system-out>
  </testcase>
  <testcase name="getAllUsers_EmptyDatabase" classname="com.foodorder.usermanagement.service.UserServiceEdgeCaseTest" time="0.01">
    <system-out><![CDATA[2025-06-20T14:19:46.459+05:30 DEBUG 37792 --- [user-management-service] [           main] org.hibernate.SQL                        : 
    select
        u1_0.id,
        u1_0.bank_account_number,
        u1_0.bank_ifsc_code,
        u1_0.business_address,
        u1_0.business_name,
        u1_0.created_at,
        u1_0.email,
        u1_0.enabled,
        u1_0.first_name,
        u1_0.is_active,
        u1_0.is_seller,
        u1_0.last_name,
        u1_0.password,
        u1_0.phone,
        u1_0.updated_at,
        u1_0.upi_id,
        u1_0.version 
    from
        users u1_0
Hibernate: 
    select
        u1_0.id,
        u1_0.bank_account_number,
        u1_0.bank_ifsc_code,
        u1_0.business_address,
        u1_0.business_name,
        u1_0.created_at,
        u1_0.email,
        u1_0.enabled,
        u1_0.first_name,
        u1_0.is_active,
        u1_0.is_seller,
        u1_0.last_name,
        u1_0.password,
        u1_0.phone,
        u1_0.updated_at,
        u1_0.upi_id,
        u1_0.version 
    from
        users u1_0
2025-06-20T14:19:46.462+05:30 DEBUG 37792 --- [user-management-service] [           main] org.hibernate.SQL                        : 
    select
        u1_0.id,
        u1_0.bank_account_number,
        u1_0.bank_ifsc_code,
        u1_0.business_address,
        u1_0.business_name,
        u1_0.created_at,
        u1_0.email,
        u1_0.enabled,
        u1_0.first_name,
        u1_0.is_active,
        u1_0.is_seller,
        u1_0.last_name,
        u1_0.password,
        u1_0.phone,
        u1_0.updated_at,
        u1_0.upi_id,
        u1_0.version 
    from
        users u1_0
Hibernate: 
    select
        u1_0.id,
        u1_0.bank_account_number,
        u1_0.bank_ifsc_code,
        u1_0.business_address,
        u1_0.business_name,
        u1_0.created_at,
        u1_0.email,
        u1_0.enabled,
        u1_0.first_name,
        u1_0.is_active,
        u1_0.is_seller,
        u1_0.last_name,
        u1_0.password,
        u1_0.phone,
        u1_0.updated_at,
        u1_0.upi_id,
        u1_0.version 
    from
        users u1_0
]]></system-out>
  </testcase>
</testsuite>